#
# There is insufficient memory for the Java Runtime Environment to continue.
# Native memory allocation (mmap) failed to map 65536 bytes. Error detail: Failed to commit metaspace.
# Possible reasons:
#   The system is out of physical RAM or swap space
#   This process is running with CompressedOops enabled, and the Java Heap may be blocking the growth of the native heap
# Possible solutions:
#   Reduce memory load on the system
#   Increase physical memory or swap space
#   Check if swap backing store is full
#   Decrease Java heap size (-Xmx/-Xms)
#   Decrease number of Java threads
#   Decrease Java thread stack sizes (-Xss)
#   Set larger code cache with -XX:ReservedCodeCacheSize=
#   JVM is running with Unscaled Compressed Oops mode in which the Java heap is
#     placed in the first 4GB address space. The Java Heap base address is the
#     maximum limit for the native heap growth. Please use -XX:HeapBaseMinAddress
#     to set the Java Heap base and to place the Java Heap above 4GB virtual address.
# This output file may be truncated or incomplete.
#
#  Out of Memory Error (virtualSpaceNode.cpp:113), pid=19384, tid=25428
#
# JRE version: OpenJDK Runtime Environment Temurin-21.0.7+6 (21.0.7+6) (build 21.0.7+6-LTS)
# Java VM: OpenJDK 64-Bit Server VM Temurin-21.0.7+6 (21.0.7+6-LTS, mixed mode, sharing, tiered, compressed oops, compressed class ptrs, parallel gc, windows-amd64)
# No core dump will be written. Minidumps are not enabled by default on client versions of Windows
#

---------------  S U M M A R Y ------------

Command Line: --add-modules=ALL-SYSTEM --add-opens=java.base/java.util=ALL-UNNAMED --add-opens=java.base/java.lang=ALL-UNNAMED --add-opens=java.base/sun.nio.fs=ALL-UNNAMED -Declipse.application=org.eclipse.jdt.ls.core.id1 -Dosgi.bundles.defaultStartLevel=4 -Declipse.product=org.eclipse.jdt.ls.core.product -Djava.import.generatesMetadataFilesAtProjectRoot=false -DDetectVMInstallationsJob.disabled=true -Dfile.encoding=utf8 -XX:+UseParallelGC -XX:GCTimeRatio=4 -XX:AdaptiveSizePolicyWeight=90 -Dsun.zip.disableMemoryMapping=true -Xmx2G -Xms100m -Xlog:disable -javaagent:c:\Users\PehanRathnayaka\.vscode\extensions\redhat.java-1.43.0-win32-x64\lombok\lombok-1.18.39-4050.jar c:\Users\PehanRathnayaka\.vscode\extensions\redhat.java-1.43.0-win32-x64\server\plugins\org.eclipse.equinox.launcher_1.7.0.v20250519-0528.jar -configuration c:\Users\PehanRathnayaka\AppData\Roaming\Code\User\globalStorage\redhat.java\1.43.0\config_ss_win -data c:\Users\PehanRathnayaka\AppData\Roaming\Code\User\workspaceStorage\5e2fe939e8fc531d639e3d6ecb3eaebd\redhat.java\ss_ws --pipe=\\.\pipe\lsp-b8cda61a2fbcd9a2dd94b8a4c14b7e0e-sock

Host: Intel(R) Core(TM) i5-6300U CPU @ 2.40GHz, 4 cores, 15G,  Windows 11 , 64 bit Build 26100 (10.0.26100.4202)
Time: Sun Jun 29 15:56:15 2025 Sri Lanka Standard Time elapsed time: 4.775125 seconds (0d 0h 0m 4s)

---------------  T H R E A D  ---------------

Current thread (0x000002a346e87e40):  JavaThread "main"             [_thread_in_vm, id=25428, stack(0x000000ab72200000,0x000000ab72300000) (1024K)]

Stack: [0x000000ab72200000,0x000000ab72300000]
Native frames: (J=compiled Java code, j=interpreted, Vv=VM code, C=native code)
V  [jvm.dll+0x6ce119]
V  [jvm.dll+0x8a84a1]
V  [jvm.dll+0x8aa9ce]
V  [jvm.dll+0x8ab0b3]
V  [jvm.dll+0x27f8a6]
V  [jvm.dll+0x8a41ee]
V  [jvm.dll+0x670575]
V  [jvm.dll+0x1e474c]
V  [jvm.dll+0x1e451e]
V  [jvm.dll+0x672e72]
V  [jvm.dll+0x672c92]
V  [jvm.dll+0x670f4e]
V  [jvm.dll+0x27c7b6]
V  [jvm.dll+0x7242a5]
V  [jvm.dll+0x724def]
V  [jvm.dll+0x3c3d08]
V  [jvm.dll+0x3c2af7]
V  [jvm.dll+0x3c2a98]
V  [jvm.dll+0x3d497a]
C  0x000002a35387925f

The last pc belongs to new (printed below).
Java frames: (J=compiled Java code, j=interpreted, Vv=VM code)
j  lombok.eclipse.agent.EclipseLoaderPatcher.patchEquinoxLoaders(Llombok/patcher/ScriptManager;Ljava/lang/Class;)V+94
j  lombok.eclipse.agent.EclipsePatcher.registerPatchScripts(Ljava/lang/instrument/Instrumentation;ZLjava/lang/Class;)V+44
j  lombok.eclipse.agent.EclipsePatcher.runAgent(Ljava/lang/String;Ljava/lang/instrument/Instrumentation;ZLjava/lang/Class;)V+4
j  lombok.core.AgentLauncher.runAgents(Ljava/lang/String;Ljava/lang/instrument/Instrumentation;ZLjava/lang/Class;)V+62
j  java.lang.invoke.LambdaForm$DMH+0x000002a301004000.invokeStatic(Ljava/lang/Object;Ljava/lang/Object;Ljava/lang/Object;ILjava/lang/Object;)V+16 java.base@21.0.7
j  java.lang.invoke.LambdaForm$MH+0x000002a301008400.invoke(Ljava/lang/Object;Ljava/lang/Object;Ljava/lang/Object;)Ljava/lang/Object;+124 java.base@21.0.7
j  java.lang.invoke.Invokers$Holder.invokeExact_MT(Ljava/lang/Object;Ljava/lang/Object;Ljava/lang/Object;Ljava/lang/Object;)Ljava/lang/Object;+20 java.base@21.0.7
j  jdk.internal.reflect.DirectMethodHandleAccessor.invokeImpl(Ljava/lang/Object;[Ljava/lang/Object;)Ljava/lang/Object;+104 java.base@21.0.7
j  jdk.internal.reflect.DirectMethodHandleAccessor.invoke(Ljava/lang/Object;[Ljava/lang/Object;)Ljava/lang/Object;+23 java.base@21.0.7
j  java.lang.reflect.Method.invoke(Ljava/lang/Object;[Ljava/lang/Object;)Ljava/lang/Object;+102 java.base@21.0.7
j  lombok.launch.Agent.runLauncher(Ljava/lang/String;Ljava/lang/instrument/Instrumentation;Z)V+73
j  lombok.launch.Agent.premain(Ljava/lang/String;Ljava/lang/instrument/Instrumentation;)V+3
j  java.lang.invoke.LambdaForm$DMH+0x000002a301000c00.invokeStatic(Ljava/lang/Object;Ljava/lang/Object;Ljava/lang/Object;)V+11 java.base@21.0.7
j  java.lang.invoke.LambdaForm$MH+0x000002a301002800.invoke(Ljava/lang/Object;Ljava/lang/Object;Ljava/lang/Object;Ljava/lang/Object;)Ljava/lang/Object;+54 java.base@21.0.7
j  java.lang.invoke.LambdaForm$MH+0x000002a301002c00.invokeExact_MT(Ljava/lang/Object;Ljava/lang/Object;Ljava/lang/Object;Ljava/lang/Object;Ljava/lang/Object;)Ljava/lang/Object;+22 java.base@21.0.7
j  jdk.internal.reflect.DirectMethodHandleAccessor.invokeImpl(Ljava/lang/Object;[Ljava/lang/Object;)Ljava/lang/Object;+72 java.base@21.0.7
j  jdk.internal.reflect.DirectMethodHandleAccessor.invoke(Ljava/lang/Object;[Ljava/lang/Object;)Ljava/lang/Object;+23 java.base@21.0.7
j  java.lang.reflect.Method.invoke(Ljava/lang/Object;[Ljava/lang/Object;)Ljava/lang/Object;+102 java.base@21.0.7
j  sun.instrument.InstrumentationImpl.loadClassAndStartAgent(Ljava/lang/String;Ljava/lang/String;Ljava/lang/String;)V+165 java.instrument@21.0.7
j  sun.instrument.InstrumentationImpl.loadClassAndCallPremain(Ljava/lang/String;Ljava/lang/String;)V+6 java.instrument@21.0.7
v  ~StubRoutines::call_stub 0x000002a35386100d
new  187 new  [0x000002a3538790e0, 0x000002a3538792e8]  520 bytes
[MachCode]
  0x000002a3538790e0: 4883 ec08 | c5fa 1104 | 24eb 1f48 | 83ec 10c5 | fb11 0424 | eb14 4883 | ec10 4889 | 0424 48c7 
  0x000002a353879100: 4424 0800 | 0000 00eb | 0150 410f | b755 010f | cac1 ea10 | 488b 4de8 | 488b 4908 | 488b 4908 
  0x000002a353879120: 488b 4108 | 807c 1004 | 070f 85d3 | 0000 0066 | 8b54 d148 | 488b 4928 | 488b 4cd1 | 0851 80b9 
  0x000002a353879140: 2101 0000 | 040f 85b6 | 0000 008b | 5108 f6c2 | 010f 85aa | 0000 0049 | 8b87 b801 | 0000 488d 
  0x000002a353879160: 1c10 493b | 9fc8 0100 | 000f 8792 | 0000 0049 | 899f b801 | 0000 4883 | ea10 0f84 | 0f00 0000 
  0x000002a353879180: 33c9 c1ea | 0348 894c | d008 48ff | ca75 f648 | c700 0100 | 0000 5933 | f689 700c | 49ba 0000 
  0x000002a3538791a0: 0000 a302 | 0000 492b | ca89 4808 | 49ba 3e5b | 2f46 f87f | 0000 4180 | 3a00 0f84 | 3c00 0000 
  0x000002a3538791c0: 5048 8bc8 | 4883 ec20 | 40f6 c40f | 0f84 1900 | 0000 4883 | ec08 48b8 | 904b d945 | f87f 0000 
  0x000002a3538791e0: ffd0 4883 | c408 e90c | 0000 0048 | b890 4bd9 | 45f8 7f00 | 00ff d048 | 83c4 2058 | e9cb 0000 
  0x000002a353879200: 0059 488b | 55e8 488b | 5208 488b | 5208 450f | b745 0141 | 0fc8 41c1 | e810 e805 | 0000 00e9 
  0x000002a353879220: a800 0000 | 488d 4424 | 084c 896d | c049 8bcf | c5f8 7749 | 89af a803 | 0000 4989 | 8798 0300 
  0x000002a353879240: 0048 83ec | 2040 f6c4 | 0f0f 8419 | 0000 0048 | 83ec 0848 | b8f0 48a3 | 45f8 7f00 | 00ff d048 
  0x000002a353879260: 83c4 08e9 | 0c00 0000 | 48b8 f048 | a345 f87f | 0000 ffd0 | 4883 c420 | 49c7 8798 | 0300 0000 
  0x000002a353879280: 0000 0049 | c787 a803 | 0000 0000 | 0000 49c7 | 87a0 0300 | 0000 0000 | 00c5 f877 | 4983 7f08 
  0x000002a3538792a0: 000f 8405 | 0000 00e9 | 547c feff | 498b 87f0 | 0300 0049 | c787 f003 | 0000 0000 | 0000 4c8b 
  0x000002a3538792c0: 6dc0 4c8b | 75c8 4e8d | 74f5 00c3 | 410f b65d | 0349 83c5 | 0349 bab0 | 2032 46f8 | 7f00 0041 
  0x000002a3538792e0: ff24 da0f | 1f44 0000 
[/MachCode]

---------------  P R O C E S S  ---------------

Threads class SMR info:
_java_thread_list=0x000002a3606e5450, length=10, elements={
0x000002a346e87e40, 0x000002a3491fb2a0, 0x000002a3491fd670, 0x000002a349035290,
0x000002a3490331c0, 0x000002a349033850, 0x000002a349032b30, 0x000002a349037210,
0x000002a3490b2c70, 0x000002a349033ee0
}

Java Threads: ( => current thread )
=>0x000002a346e87e40 JavaThread "main"                              [_thread_in_vm, id=25428, stack(0x000000ab72200000,0x000000ab72300000) (1024K)]
  0x000002a3491fb2a0 JavaThread "Reference Handler"          daemon [_thread_blocked, id=508, stack(0x000000ab72600000,0x000000ab72700000) (1024K)]
  0x000002a3491fd670 JavaThread "Finalizer"                  daemon [_thread_blocked, id=22956, stack(0x000000ab72700000,0x000000ab72800000) (1024K)]
  0x000002a349035290 JavaThread "Signal Dispatcher"          daemon [_thread_blocked, id=19508, stack(0x000000ab72800000,0x000000ab72900000) (1024K)]
  0x000002a3490331c0 JavaThread "Attach Listener"            daemon [_thread_blocked, id=5984, stack(0x000000ab72900000,0x000000ab72a00000) (1024K)]
  0x000002a349033850 JavaThread "Service Thread"             daemon [_thread_blocked, id=16868, stack(0x000000ab72a00000,0x000000ab72b00000) (1024K)]
  0x000002a349032b30 JavaThread "Monitor Deflation Thread"   daemon [_thread_blocked, id=15400, stack(0x000000ab72b00000,0x000000ab72c00000) (1024K)]
  0x000002a349037210 JavaThread "C2 CompilerThread0"         daemon [_thread_blocked, id=16464, stack(0x000000ab72c00000,0x000000ab72d00000) (1024K)]
  0x000002a3490b2c70 JavaThread "C1 CompilerThread0"         daemon [_thread_blocked, id=9372, stack(0x000000ab72d00000,0x000000ab72e00000) (1024K)]
  0x000002a349033ee0 JavaThread "Common-Cleaner"             daemon [_thread_blocked, id=21592, stack(0x000000ab72e00000,0x000000ab72f00000) (1024K)]
Total: 10

Other Threads:
  0x000002a34902ed40 VMThread "VM Thread"                           [id=18632, stack(0x000000ab72500000,0x000000ab72600000) (1024K)]
  0x000002a348fccb20 WatcherThread "VM Periodic Task Thread"        [id=15624, stack(0x000000ab72400000,0x000000ab72500000) (1024K)]
  0x000002a349159550 WorkerThread "GC Thread#0"                     [id=24012, stack(0x000000ab72300000,0x000000ab72400000) (1024K)]
Total: 3

Threads with active compile tasks:
Total: 0

VM state: not at safepoint (normal execution)

VM Mutex/Monitor currently owned by a thread:  ([mutex/lock_event])
[0x00007ff84630c308] Metaspace_lock - owner thread: 0x000002a346e87e40

Heap address: 0x0000000080000000, size: 2048 MB, Compressed Oops mode: 32-bit

CDS archive(s) mapped at: [0x000002a300000000-0x000002a300ba0000-0x000002a300ba0000), size 12189696, SharedBaseAddress: 0x000002a300000000, ArchiveRelocationMode: 1.
Compressed class space mapped at: 0x000002a301000000-0x000002a341000000, reserved size: 1073741824
Narrow klass base: 0x000002a300000000, Narrow klass shift: 0, Narrow klass range: 0x100000000

GC Precious Log:
 CardTable entry size: 512
 CPUs: 4 total, 4 available
 Memory: 16264M
 Large Page Support: Disabled
 NUMA Support: Disabled
 Compressed Oops: Enabled (32-bit)
 Alignments: Space 512K, Generation 512K, Heap 2M
 Heap Min Capacity: 100M
 Heap Initial Capacity: 100M
 Heap Max Capacity: 2G
 Pre-touch: Disabled
 Parallel Workers: 4

Heap:
 PSYoungGen      total 29696K, used 7503K [0x00000000d5580000, 0x00000000d7680000, 0x0000000100000000)
  eden space 25600K, 29% used [0x00000000d5580000,0x00000000d5cd3f08,0x00000000d6e80000)
  from space 4096K, 0% used [0x00000000d7280000,0x00000000d7280000,0x00000000d7680000)
  to   space 4096K, 0% used [0x00000000d6e80000,0x00000000d6e80000,0x00000000d7280000)
 ParOldGen       total 68608K, used 0K [0x0000000080000000, 0x0000000084300000, 0x00000000d5580000)
  object space 68608K, 0% used [0x0000000080000000,0x0000000080000000,0x0000000084300000)
 Metaspace       used 973K, committed 1088K, reserved 1114112K
  class space    used 82K, committed 128K, reserved 1048576K

Card table byte_map: [0x000002a348ae0000,0x000002a348ef0000] _byte_map_base: 0x000002a3486e0000

Marking Bits: (ParMarkBitMap*) 0x00007ff8463131f0
 Begin Bits: [0x000002a35b5e0000, 0x000002a35d5e0000)
 End Bits:   [0x000002a35d5e0000, 0x000002a35f5e0000)

Polling page: 0x000002a346fe0000

Metaspace:

Usage:
  Non-class:    891.22 KB used.
      Class:     82.27 KB used.
       Both:    973.48 KB used.

Virtual space:
  Non-class space:       64.00 MB reserved,     960.00 KB (  1%) committed,  1 nodes.
      Class space:        1.00 GB reserved,     128.00 KB ( <1%) committed,  1 nodes.
             Both:        1.06 GB reserved,       1.06 MB ( <1%) committed. 

Chunk freelists:
   Non-Class:  11.73 MB
       Class:  15.70 MB
        Both:  27.43 MB

MaxMetaspaceSize: unlimited
CompressedClassSpaceSize: 1.00 GB
Initial GC threshold: 21.00 MB
Current GC threshold: 21.00 MB
CDS: on
 - commit_granule_bytes: 65536.
 - commit_granule_words: 8192.
 - virtual_space_node_default_size: 8388608.
 - enlarge_chunks_in_place: 1.
 - use_allocation_guard: 0.


Internal statistics:

num_allocs_failed_limit: 0.
num_arena_births: 74.
num_arena_deaths: 0.
num_vsnodes_births: 2.
num_vsnodes_deaths: 0.
num_space_committed: 17.
num_space_uncommitted: 0.
num_chunks_returned_to_freelist: 0.
num_chunks_taken_from_freelist: 90.
num_chunk_merges: 0.
num_chunk_splits: 63.
num_chunks_enlarged: 40.
num_inconsistent_stats: 0.

CodeHeap 'non-profiled nmethods': size=120000Kb used=163Kb max_used=163Kb free=119836Kb
 bounds [0x000002a353e00000, 0x000002a354070000, 0x000002a35b330000]
CodeHeap 'profiled nmethods': size=120000Kb used=689Kb max_used=689Kb free=119310Kb
 bounds [0x000002a34c330000, 0x000002a34c5a0000, 0x000002a353860000]
CodeHeap 'non-nmethods': size=5760Kb used=1147Kb max_used=1162Kb free=4613Kb
 bounds [0x000002a353860000, 0x000002a353ad0000, 0x000002a353e00000]
 total_blobs=903 nmethods=508 adapters=302
 compilation: enabled
              stopped_count=0, restarted_count=0
 full_count=0

Compilation events (20 events):
Event: 4.723 Thread 0x000002a349037210 nmethod 497 0x000002a353e27590 code [0x000002a353e27760, 0x000002a353e27d18]
Event: 4.723 Thread 0x000002a349037210  499       4       jdk.internal.jimage.ImageLocation::readValue (61 bytes)
Event: 4.723 Thread 0x000002a3490b2c70 nmethod 500 0x000002a34c3d8590 code [0x000002a34c3d87c0, 0x000002a34c3d8d98]
Event: 4.724 Thread 0x000002a3490b2c70  501       1       java.net.URI::getScheme (5 bytes)
Event: 4.724 Thread 0x000002a3490b2c70 nmethod 501 0x000002a353e28010 code [0x000002a353e281a0, 0x000002a353e28268]
Event: 4.725 Thread 0x000002a3490b2c70  502       3       java.lang.invoke.MethodTypeForm::canonicalize (59 bytes)
Event: 4.726 Thread 0x000002a3490b2c70 nmethod 502 0x000002a34c3d9090 code [0x000002a34c3d9280, 0x000002a34c3d9578]
Event: 4.726 Thread 0x000002a3490b2c70  503       3       jdk.internal.util.ReferencedKeyMap::existingKey (32 bytes)
Event: 4.726 Thread 0x000002a3490b2c70 nmethod 503 0x000002a34c3d9690 code [0x000002a34c3d9940, 0x000002a34c3da748]
Event: 4.727 Thread 0x000002a3490b2c70  504       3       jdk.internal.util.ReferencedKeyMap::internKey (57 bytes)
Event: 4.727 Thread 0x000002a3490b2c70 nmethod 504 0x000002a34c3dac10 code [0x000002a34c3daea0, 0x000002a34c3dbb68]
Event: 4.728 Thread 0x000002a349037210 nmethod 499 0x000002a353e28310 code [0x000002a353e284a0, 0x000002a353e28698]
Event: 4.738 Thread 0x000002a3490b2c70  505       3       java.util.regex.Pattern::has (15 bytes)
Event: 4.738 Thread 0x000002a3490b2c70 nmethod 505 0x000002a34c3dc010 code [0x000002a34c3dc1a0, 0x000002a34c3dc308]
Event: 4.769 Thread 0x000002a349037210  506       4       java.lang.String::checkIndex (10 bytes)
Event: 4.770 Thread 0x000002a349037210 nmethod 506 0x000002a353e28810 code [0x000002a353e289a0, 0x000002a353e28a48]
Event: 4.771 Thread 0x000002a3490b2c70  507       3       java.io.WinNTFileSystem::isLetter (30 bytes)
Event: 4.771 Thread 0x000002a3490b2c70 nmethod 507 0x000002a34c3dc390 code [0x000002a34c3dc540, 0x000002a34c3dc730]
Event: 4.772 Thread 0x000002a3490b2c70  508       1       java.security.ProtectionDomain::getCodeSource (5 bytes)
Event: 4.772 Thread 0x000002a3490b2c70 nmethod 508 0x000002a353e28b10 code [0x000002a353e28ca0, 0x000002a353e28d68]

GC Heap History (0 events):
No events

Dll operation events (8 events):
Event: 0.201 Loaded shared library c:\Users\PehanRathnayaka\.vscode\extensions\redhat.java-1.43.0-win32-x64\jre\21.0.7-win32-x86_64\bin\java.dll
Event: 1.490 Loaded shared library c:\Users\PehanRathnayaka\.vscode\extensions\redhat.java-1.43.0-win32-x64\jre\21.0.7-win32-x86_64\bin\zip.dll
Event: 2.165 Loaded shared library C:\Users\PehanRathnayaka\.vscode\extensions\redhat.java-1.43.0-win32-x64\jre\21.0.7-win32-x86_64\bin\instrument.dll
Event: 2.304 Loaded shared library C:\Users\PehanRathnayaka\.vscode\extensions\redhat.java-1.43.0-win32-x64\jre\21.0.7-win32-x86_64\bin\net.dll
Event: 2.310 Loaded shared library C:\Users\PehanRathnayaka\.vscode\extensions\redhat.java-1.43.0-win32-x64\jre\21.0.7-win32-x86_64\bin\nio.dll
Event: 2.332 Loaded shared library C:\Users\PehanRathnayaka\.vscode\extensions\redhat.java-1.43.0-win32-x64\jre\21.0.7-win32-x86_64\bin\zip.dll
Event: 2.801 Loaded shared library C:\Users\PehanRathnayaka\.vscode\extensions\redhat.java-1.43.0-win32-x64\jre\21.0.7-win32-x86_64\bin\jimage.dll
Event: 3.892 Loaded shared library c:\Users\PehanRathnayaka\.vscode\extensions\redhat.java-1.43.0-win32-x64\jre\21.0.7-win32-x86_64\bin\verify.dll

Deoptimization events (14 events):
Event: 2.561 Thread 0x000002a346e87e40 Uncommon trap: trap_request=0xffffffde fr.pc=0x000002a353e0d298 relative=0x00000000000005f8
Event: 2.561 Thread 0x000002a346e87e40 Uncommon trap: reason=class_check action=maybe_recompile pc=0x000002a353e0d298 method=java.util.HashMap.putVal(ILjava/lang/Object;Ljava/lang/Object;ZZ)Ljava/lang/Object; @ 152 c2
Event: 2.561 Thread 0x000002a346e87e40 DEOPT PACKING pc=0x000002a353e0d298 sp=0x000000ab722fe970
Event: 2.561 Thread 0x000002a346e87e40 DEOPT UNPACKING pc=0x000002a3538b3aa2 sp=0x000000ab722fe8c0 mode 2
Event: 2.561 Thread 0x000002a346e87e40 Uncommon trap: trap_request=0xffffffde fr.pc=0x000002a353e0d298 relative=0x00000000000005f8
Event: 2.561 Thread 0x000002a346e87e40 Uncommon trap: reason=class_check action=maybe_recompile pc=0x000002a353e0d298 method=java.util.HashMap.putVal(ILjava/lang/Object;Ljava/lang/Object;ZZ)Ljava/lang/Object; @ 152 c2
Event: 2.561 Thread 0x000002a346e87e40 DEOPT PACKING pc=0x000002a353e0d298 sp=0x000000ab722fe970
Event: 2.561 Thread 0x000002a346e87e40 DEOPT UNPACKING pc=0x000002a3538b3aa2 sp=0x000000ab722fe8c0 mode 2
Event: 2.989 Thread 0x000002a346e87e40 DEOPT PACKING pc=0x000002a34c36a249 sp=0x000000ab722fe740
Event: 2.989 Thread 0x000002a346e87e40 DEOPT UNPACKING pc=0x000002a3538b4242 sp=0x000000ab722fdbc8 mode 0
Event: 2.990 Thread 0x000002a346e87e40 DEOPT PACKING pc=0x000002a34c36a249 sp=0x000000ab722fe740
Event: 2.990 Thread 0x000002a346e87e40 DEOPT UNPACKING pc=0x000002a3538b4242 sp=0x000000ab722fdbc8 mode 0
Event: 2.991 Thread 0x000002a346e87e40 DEOPT PACKING pc=0x000002a34c36a249 sp=0x000000ab722fe740
Event: 2.991 Thread 0x000002a346e87e40 DEOPT UNPACKING pc=0x000002a3538b4242 sp=0x000000ab722fdbc8 mode 0

Classes loaded (20 events):
Event: 3.048 Loading class java/lang/invoke/BoundMethodHandle$Species_LI
Event: 3.048 Loading class java/lang/invoke/BoundMethodHandle$Species_LI done
Event: 3.901 Loading class java/lang/IllegalAccessException
Event: 3.901 Loading class java/lang/IllegalAccessException done
Event: 3.937 Loading class java/lang/IllegalStateException
Event: 3.937 Loading class java/lang/IllegalStateException done
Event: 3.952 Loading class java/lang/instrument/ClassFileTransformer
Event: 3.952 Loading class java/lang/instrument/ClassFileTransformer done
Event: 3.973 Loading class java/lang/UnsupportedOperationException
Event: 3.973 Loading class java/lang/UnsupportedOperationException done
Event: 4.127 Loading class java/lang/instrument/UnmodifiableClassException
Event: 4.127 Loading class java/lang/instrument/UnmodifiableClassException done
Event: 4.127 Loading class java/lang/instrument/ClassDefinition
Event: 4.127 Loading class java/lang/instrument/ClassDefinition done
Event: 4.705 Loading class java/lang/invoke/WrongMethodTypeException
Event: 4.705 Loading class java/lang/invoke/WrongMethodTypeException done
Event: 4.737 Loading class java/util/regex/Pattern$Loop
Event: 4.737 Loading class java/util/regex/Pattern$Loop done
Event: 4.737 Loading class java/util/regex/Pattern$Prolog
Event: 4.738 Loading class java/util/regex/Pattern$Prolog done

Classes unloaded (0 events):
No events

Classes redefined (0 events):
No events

Internal exceptions (11 events):
Event: 1.482 Thread 0x000002a346e87e40 Exception <a 'java/lang/NoSuchMethodError'{0x00000000d57aa358}: 'void java.lang.invoke.DirectMethodHandle$Holder.invokeStatic(java.lang.Object, java.lang.Object, java.lang.Object)'> (0x00000000d57aa358) 
thrown [s\src\hotspot\share\interpreter\linkResolver.cpp, line 773]
Event: 2.578 Thread 0x000002a346e87e40 Exception <a 'java/lang/NoSuchMethodError'{0x00000000d5912a88}: 'java.lang.Object java.lang.invoke.Invokers$Holder.invokeExact_MT(java.lang.Object, java.lang.Object, java.lang.Object, java.lang.Object, java.lang.Object)'> (0x00000000d5912a88) 
thrown [s\src\hotspot\share\interpreter\linkResolver.cpp, line 773]
Event: 3.048 Thread 0x000002a346e87e40 Exception <a 'java/lang/NoSuchMethodError'{0x00000000d59cc4a8}: 'int java.lang.invoke.DirectMethodHandle$Holder.invokeSpecial(java.lang.Object, java.lang.Object, java.lang.Object, int)'> (0x00000000d59cc4a8) 
thrown [s\src\hotspot\share\interpreter\linkResolver.cpp, line 773]
Event: 3.051 Thread 0x000002a346e87e40 Exception <a 'java/lang/NoSuchMethodError'{0x00000000d59dee90}: 'java.lang.Object java.lang.invoke.DirectMethodHandle$Holder.invokeStatic(java.lang.Object, java.lang.Object, java.lang.Object, java.lang.Object, int)'> (0x00000000d59dee90) 
thrown [s\src\hotspot\share\interpreter\linkResolver.cpp, line 773]
Event: 3.081 Thread 0x000002a346e87e40 Exception <a 'java/lang/NoSuchMethodError'{0x00000000d59ea2d0}: 'void java.lang.invoke.DelegatingMethodHandle$Holder.reinvoke_L(java.lang.Object, java.lang.Object, java.lang.Object, int, java.lang.Object)'> (0x00000000d59ea2d0) 
thrown [s\src\hotspot\share\interpreter\linkResolver.cpp, line 773]
Event: 3.085 Thread 0x000002a346e87e40 Exception <a 'java/lang/NoSuchMethodError'{0x00000000d59fac20}: 'int java.lang.invoke.DirectMethodHandle$Holder.invokeSpecial(java.lang.Object, java.lang.Object, java.lang.Object)'> (0x00000000d59fac20) 
thrown [s\src\hotspot\share\interpreter\linkResolver.cpp, line 773]
Event: 3.088 Thread 0x000002a346e87e40 Exception <a 'java/lang/NoSuchMethodError'{0x00000000d5a068e0}: 'java.lang.Object java.lang.invoke.DirectMethodHandle$Holder.invokeStatic(java.lang.Object, java.lang.Object, int)'> (0x00000000d5a068e0) 
thrown [s\src\hotspot\share\interpreter\linkResolver.cpp, line 773]
Event: 3.089 Thread 0x000002a346e87e40 Exception <a 'java/lang/NoSuchMethodError'{0x00000000d5a0b230}: 'void java.lang.invoke.DirectMethodHandle$Holder.invokeStatic(java.lang.Object, java.lang.Object, int, java.lang.Object)'> (0x00000000d5a0b230) 
thrown [s\src\hotspot\share\interpreter\linkResolver.cpp, line 773]
Event: 3.090 Thread 0x000002a346e87e40 Exception <a 'java/lang/NoSuchMethodError'{0x00000000d5a0edc0}: 'void java.lang.invoke.DirectMethodHandle$Holder.invokeSpecial(java.lang.Object, java.lang.Object, java.lang.Object, int, java.lang.Object)'> (0x00000000d5a0edc0) 
thrown [s\src\hotspot\share\interpreter\linkResolver.cpp, line 773]
Event: 3.091 Thread 0x000002a346e87e40 Exception <a 'java/lang/NoSuchMethodError'{0x00000000d5a12470}: 'void java.lang.invoke.DelegatingMethodHandle$Holder.delegate(java.lang.Object, java.lang.Object, int, java.lang.Object)'> (0x00000000d5a12470) 
thrown [s\src\hotspot\share\interpreter\linkResolver.cpp, line 773]
Event: 4.356 Thread 0x000002a346e87e40 Exception <a 'java/lang/NoSuchMethodError'{0x00000000d5bd3128}: 'void java.lang.invoke.DelegatingMethodHandle$Holder.reinvoke_L(java.lang.Object, java.lang.Object, java.lang.Object, int)'> (0x00000000d5bd3128) 
thrown [s\src\hotspot\share\interpreter\linkResolver.cpp, line 773]

ZGC Phase Switch (0 events):
No events

VM Operations (10 events):
Event: 1.357 Executing VM operation: Cleanup
Event: 1.467 Executing VM operation: Cleanup done
Event: 1.488 Executing VM operation: HandshakeAllThreads (Deoptimize)
Event: 1.488 Executing VM operation: HandshakeAllThreads (Deoptimize) done
Event: 2.490 Executing VM operation: Cleanup
Event: 2.553 Executing VM operation: Cleanup done
Event: 3.015 Executing VM operation: HandshakeAllThreads (Deoptimize)
Event: 3.015 Executing VM operation: HandshakeAllThreads (Deoptimize) done
Event: 4.017 Executing VM operation: Cleanup
Event: 4.065 Executing VM operation: Cleanup done

Memory protections (0 events):
No events

Nmethod flushes (0 events):
No events

Events (10 events):
Event: 0.307 Thread 0x000002a346e87e40 Thread added: 0x000002a346e87e40
Event: 0.362 Thread 0x000002a346e87e40 Thread added: 0x000002a3491fb2a0
Event: 0.363 Thread 0x000002a346e87e40 Thread added: 0x000002a3491fd670
Event: 0.363 Thread 0x000002a346e87e40 Thread added: 0x000002a349035290
Event: 0.363 Thread 0x000002a346e87e40 Thread added: 0x000002a3490331c0
Event: 0.363 Thread 0x000002a346e87e40 Thread added: 0x000002a349033850
Event: 0.363 Thread 0x000002a346e87e40 Thread added: 0x000002a349032b30
Event: 0.364 Thread 0x000002a346e87e40 Thread added: 0x000002a349037210
Event: 0.410 Thread 0x000002a346e87e40 Thread added: 0x000002a3490b2c70
Event: 0.977 Thread 0x000002a346e87e40 Thread added: 0x000002a349033ee0


Dynamic libraries:
0x00007ff6a3770000 - 0x00007ff6a377e000 	c:\Users\PehanRathnayaka\.vscode\extensions\redhat.java-1.43.0-win32-x64\jre\21.0.7-win32-x86_64\bin\java.exe
0x00007ff963760000 - 0x00007ff9639c5000 	C:\WINDOWS\SYSTEM32\ntdll.dll
0x00007ff962380000 - 0x00007ff962449000 	C:\WINDOWS\System32\KERNEL32.DLL
0x00007ff960970000 - 0x00007ff960d58000 	C:\WINDOWS\System32\KERNELBASE.dll
0x00007ff960e10000 - 0x00007ff960f5b000 	C:\WINDOWS\System32\ucrtbase.dll
0x00007ff8e50d0000 - 0x00007ff8e50e8000 	c:\Users\PehanRathnayaka\.vscode\extensions\redhat.java-1.43.0-win32-x64\jre\21.0.7-win32-x86_64\bin\jli.dll
0x00007ff963510000 - 0x00007ff9636da000 	C:\WINDOWS\System32\USER32.dll
0x00007ff961390000 - 0x00007ff9613b7000 	C:\WINDOWS\System32\win32u.dll
0x00007ff962020000 - 0x00007ff96204b000 	C:\WINDOWS\System32\GDI32.dll
0x00007ff9613c0000 - 0x00007ff9614f7000 	C:\WINDOWS\System32\gdi32full.dll
0x00007ff960d60000 - 0x00007ff960e03000 	C:\WINDOWS\System32\msvcp_win.dll
0x00007ff8e4e00000 - 0x00007ff8e4e1e000 	c:\Users\PehanRathnayaka\.vscode\extensions\redhat.java-1.43.0-win32-x64\jre\21.0.7-win32-x86_64\bin\VCRUNTIME140.dll
0x00007ff94a2d0000 - 0x00007ff94a56a000 	C:\WINDOWS\WinSxS\amd64_microsoft.windows.common-controls_6595b64144ccf1df_6.0.26100.4202_none_3e0698d4e335f517\COMCTL32.dll
0x00007ff962450000 - 0x00007ff9624f9000 	C:\WINDOWS\System32\msvcrt.dll
0x00007ff961fe0000 - 0x00007ff962010000 	C:\WINDOWS\System32\IMM32.DLL
0x00007ff9151f0000 - 0x00007ff9151fc000 	c:\Users\PehanRathnayaka\.vscode\extensions\redhat.java-1.43.0-win32-x64\jre\21.0.7-win32-x86_64\bin\vcruntime140_1.dll
0x00007ff8c0000000 - 0x00007ff8c008d000 	c:\Users\PehanRathnayaka\.vscode\extensions\redhat.java-1.43.0-win32-x64\jre\21.0.7-win32-x86_64\bin\msvcp140.dll
0x00007ff845660000 - 0x00007ff8463f0000 	c:\Users\PehanRathnayaka\.vscode\extensions\redhat.java-1.43.0-win32-x64\jre\21.0.7-win32-x86_64\bin\server\jvm.dll
0x00007ff9622c0000 - 0x00007ff962373000 	C:\WINDOWS\System32\ADVAPI32.dll
0x00007ff961500000 - 0x00007ff9615a6000 	C:\WINDOWS\System32\sechost.dll
0x00007ff961da0000 - 0x00007ff961eb5000 	C:\WINDOWS\System32\RPCRT4.dll
0x00007ff962f30000 - 0x00007ff962fa4000 	C:\WINDOWS\System32\WS2_32.dll
0x00007ff960650000 - 0x00007ff9606ae000 	C:\WINDOWS\SYSTEM32\POWRPROF.dll
0x00007ff9476c0000 - 0x00007ff9476f5000 	C:\WINDOWS\SYSTEM32\WINMM.dll
0x00007ff94ec20000 - 0x00007ff94ec2b000 	C:\WINDOWS\SYSTEM32\VERSION.dll
0x00007ff960630000 - 0x00007ff960644000 	C:\WINDOWS\SYSTEM32\UMPDC.dll
0x00007ff95f540000 - 0x00007ff95f55b000 	C:\WINDOWS\SYSTEM32\kernel.appcore.dll
0x00007ff90e280000 - 0x00007ff90e28a000 	c:\Users\PehanRathnayaka\.vscode\extensions\redhat.java-1.43.0-win32-x64\jre\21.0.7-win32-x86_64\bin\jimage.dll
0x00007ff95ad10000 - 0x00007ff95af51000 	C:\WINDOWS\SYSTEM32\DBGHELP.DLL
0x00007ff963100000 - 0x00007ff963485000 	C:\WINDOWS\System32\combase.dll
0x00007ff963010000 - 0x00007ff9630f1000 	C:\WINDOWS\System32\OLEAUT32.dll
0x00007ff915370000 - 0x00007ff9153a9000 	C:\WINDOWS\SYSTEM32\dbgcore.DLL
0x00007ff961260000 - 0x00007ff9612f9000 	C:\WINDOWS\System32\bcryptPrimitives.dll
0x00007ff8ee650000 - 0x00007ff8ee65f000 	c:\Users\PehanRathnayaka\.vscode\extensions\redhat.java-1.43.0-win32-x64\jre\21.0.7-win32-x86_64\bin\instrument.dll
0x00007ff8e4de0000 - 0x00007ff8e4dff000 	c:\Users\PehanRathnayaka\.vscode\extensions\redhat.java-1.43.0-win32-x64\jre\21.0.7-win32-x86_64\bin\java.dll
0x00007ff962500000 - 0x00007ff962c42000 	C:\WINDOWS\System32\SHELL32.dll
0x00007ff960f60000 - 0x00007ff9610d4000 	C:\WINDOWS\System32\wintypes.dll
0x00007ff95e210000 - 0x00007ff95ea68000 	C:\WINDOWS\SYSTEM32\windows.storage.dll
0x00007ff962c50000 - 0x00007ff962d41000 	C:\WINDOWS\System32\SHCORE.dll
0x00007ff962250000 - 0x00007ff9622ba000 	C:\WINDOWS\System32\shlwapi.dll
0x00007ff9607c0000 - 0x00007ff9607ef000 	C:\WINDOWS\SYSTEM32\profapi.dll
0x00007ff8e4710000 - 0x00007ff8e4728000 	c:\Users\PehanRathnayaka\.vscode\extensions\redhat.java-1.43.0-win32-x64\jre\21.0.7-win32-x86_64\bin\zip.dll
0x00007ff8ee540000 - 0x00007ff8ee550000 	C:\Users\PehanRathnayaka\.vscode\extensions\redhat.java-1.43.0-win32-x64\jre\21.0.7-win32-x86_64\bin\net.dll
0x00007ff95f560000 - 0x00007ff95f67e000 	C:\WINDOWS\SYSTEM32\WINHTTP.dll
0x00007ff95fbe0000 - 0x00007ff95fc4a000 	C:\WINDOWS\system32\mswsock.dll
0x00007ff8e4470000 - 0x00007ff8e4486000 	C:\Users\PehanRathnayaka\.vscode\extensions\redhat.java-1.43.0-win32-x64\jre\21.0.7-win32-x86_64\bin\nio.dll
0x00007ff8e6c70000 - 0x00007ff8e6c80000 	c:\Users\PehanRathnayaka\.vscode\extensions\redhat.java-1.43.0-win32-x64\jre\21.0.7-win32-x86_64\bin\verify.dll

dbghelp: loaded successfully - version: 4.0.5 - missing functions: none
symbol engine: initialized successfully - sym options: 0x614 - pdb path: .;c:\Users\PehanRathnayaka\.vscode\extensions\redhat.java-1.43.0-win32-x64\jre\21.0.7-win32-x86_64\bin;C:\WINDOWS\SYSTEM32;C:\WINDOWS\WinSxS\amd64_microsoft.windows.common-controls_6595b64144ccf1df_6.0.26100.4202_none_3e0698d4e335f517;c:\Users\PehanRathnayaka\.vscode\extensions\redhat.java-1.43.0-win32-x64\jre\21.0.7-win32-x86_64\bin\server

VM Arguments:
jvm_args: --add-modules=ALL-SYSTEM --add-opens=java.base/java.util=ALL-UNNAMED --add-opens=java.base/java.lang=ALL-UNNAMED --add-opens=java.base/sun.nio.fs=ALL-UNNAMED -Declipse.application=org.eclipse.jdt.ls.core.id1 -Dosgi.bundles.defaultStartLevel=4 -Declipse.product=org.eclipse.jdt.ls.core.product -Djava.import.generatesMetadataFilesAtProjectRoot=false -DDetectVMInstallationsJob.disabled=true -Dfile.encoding=utf8 -XX:+UseParallelGC -XX:GCTimeRatio=4 -XX:AdaptiveSizePolicyWeight=90 -Dsun.zip.disableMemoryMapping=true -Xmx2G -Xms100m -Xlog:disable -javaagent:c:\Users\PehanRathnayaka\.vscode\extensions\redhat.java-1.43.0-win32-x64\lombok\lombok-1.18.39-4050.jar 
java_command: c:\Users\PehanRathnayaka\.vscode\extensions\redhat.java-1.43.0-win32-x64\server\plugins\org.eclipse.equinox.launcher_1.7.0.v20250519-0528.jar -configuration c:\Users\PehanRathnayaka\AppData\Roaming\Code\User\globalStorage\redhat.java\1.43.0\config_ss_win -data c:\Users\PehanRathnayaka\AppData\Roaming\Code\User\workspaceStorage\5e2fe939e8fc531d639e3d6ecb3eaebd\redhat.java\ss_ws --pipe=\\.\pipe\lsp-b8cda61a2fbcd9a2dd94b8a4c14b7e0e-sock
java_class_path (initial): c:\Users\PehanRathnayaka\.vscode\extensions\redhat.java-1.43.0-win32-x64\server\plugins\org.eclipse.equinox.launcher_1.7.0.v20250519-0528.jar
Launcher Type: SUN_STANDARD

[Global flags]
    uintx AdaptiveSizePolicyWeight                 = 90                                        {product} {command line}
     intx CICompilerCount                          = 3                                         {product} {ergonomic}
    uintx GCTimeRatio                              = 4                                         {product} {command line}
   size_t InitialHeapSize                          = 104857600                                 {product} {command line}
   size_t MaxHeapSize                              = 2147483648                                {product} {command line}
   size_t MaxNewSize                               = 715653120                                 {product} {ergonomic}
   size_t MinHeapDeltaBytes                        = 524288                                    {product} {ergonomic}
   size_t MinHeapSize                              = 104857600                                 {product} {command line}
   size_t NewSize                                  = 34603008                                  {product} {ergonomic}
    uintx NonNMethodCodeHeapSize                   = 5832780                                {pd product} {ergonomic}
    uintx NonProfiledCodeHeapSize                  = 122912730                              {pd product} {ergonomic}
   size_t OldSize                                  = 70254592                                  {product} {ergonomic}
    uintx ProfiledCodeHeapSize                     = 122912730                              {pd product} {ergonomic}
    uintx ReservedCodeCacheSize                    = 251658240                              {pd product} {ergonomic}
     bool SegmentedCodeCache                       = true                                      {product} {ergonomic}
   size_t SoftMaxHeapSize                          = 2147483648                             {manageable} {ergonomic}
     bool UseCompressedOops                        = true                           {product lp64_product} {ergonomic}
     bool UseLargePagesIndividualAllocation        = false                                  {pd product} {ergonomic}
     bool UseParallelGC                            = true                                      {product} {command line}

Logging:
Log output configuration:
 #0: stdout all=off uptime,level,tags foldmultilines=false
 #1: stderr all=off uptime,level,tags foldmultilines=false

Environment Variables:
JAVA_HOME=C:\Program Files\Java\jdk-17
PATH=C:\Python313\Scripts\;C:\Python313\;C:\WINDOWS\system32;C:\WINDOWS;C:\WINDOWS\System32\Wbem;C:\WINDOWS\System32\WindowsPowerShell\v1.0\;C:\WINDOWS\System32\OpenSSH\;C:\Program Files\Git\cmd;C:\Program Files\dotnet\;C:\Program Files (x86)\Windows Kits\10\Windows Performance Toolkit\;C:\Program Files\Java\jdk-17\bin;C:\Program Files\Microsoft SQL Server\150\Tools\Binn\;C:\Program Files\Microsoft SQL Server\Client SDK\ODBC\170\Tools\Binn\;C:\Program Files\nodejs\;C:\ProgramData\chocolatey\bin;C:\Program Files (x86)\Microsoft SQL Server\160\Tools\Binn\;C:\Program Files\Microsoft SQL Server\160\Tools\Binn\;C:\Program Files\Microsoft SQL Server\160\DTS\Binn\;C:\Program Files (x86)\Microsoft SQL Server\160\DTS\Binn\;C:\Users\PehanRathnayaka\.cargo\bin;C:\WINDOWS\system32;C:\WINDOWS;C:\WINDOWS\System32\Wbem;C:\WINDOWS\System32\WindowsPowerShell\v1.0\;C:\WINDOWS\System32\OpenSSH\;C:\Program Files\Git\cmd;C:\Program Files\dotnet\;C:\Program Files (x86)\Microsoft SQL Server\160\DTS\Binn\;C:\Program Files (x86)\Windows Kits\10\Windows Performance Toolkit\;C:\Users\PehanRathnayaka\AppData\Local\Microsoft\WindowsApps;C:\Users\PehanRathnayaka\AppData\Local\Programs\Microsoft VS Code\bin;C:\Program Files\Git\bin;C:\gradle-8.4-bin\gradle-8.4\bin;C:\Users\PehanRathnayaka\.dotnet\tools;C:\Program Files\dotnet;C:\flutter_windows_3.10.5-stable\flutter\bin;C:\Program Files\Java\jdk-17\bin;D:\Dep\platform-tools-latest-windows\platform-tools;C:\Users\PehanRathnayaka\.dotnet\tools;C:\Users\PehanRathnayaka\AppData\Roaming\npm;C:\Program Files\nodejs\;
USERNAME=PehanRathnayaka
OS=Windows_NT
PROCESSOR_IDENTIFIER=Intel64 Family 6 Model 78 Stepping 3, GenuineIntel
TMP=C:\Users\PEHANR~1\AppData\Local\Temp
TEMP=C:\Users\PEHANR~1\AppData\Local\Temp




Periodic native trim disabled

---------------  S Y S T E M  ---------------

OS:
 Windows 11 , 64 bit Build 26100 (10.0.26100.4202)
OS uptime: 2 days 2:36 hours

CPU: total 4 (initial active 4) (2 cores per cpu, 2 threads per core) family 6 model 78 stepping 3 microcode 0xd6, cx8, cmov, fxsr, ht, mmx, 3dnowpref, sse, sse2, sse3, ssse3, sse4.1, sse4.2, popcnt, lzcnt, tsc, tscinvbit, avx, avx2, aes, erms, clmul, bmi1, bmi2, rtm, adx, fma, vzeroupper, clflush, clflushopt, rdtscp, f16c
Processor Information for the first 4 processors :
  Max Mhz: 2496, Current Mhz: 2396, Mhz Limit: 2396

Memory: 4k page, system-wide physical 16264M (954M free)
TotalPageFile size 28504M (AvailPageFile size 11M)
current process WorkingSet (physical memory assigned to process): 44M, peak: 44M
current process commit charge ("private bytes"): 211M, peak: 211M

vm_info: OpenJDK 64-Bit Server VM (21.0.7+6-LTS) for windows-amd64 JRE (21.0.7+6-LTS), built on 2025-04-15T00:00:00Z by "admin" with MS VC++ 17.7 (VS2022)

END.
