#
# There is insufficient memory for the Java Runtime Environment to continue.
# Native memory allocation (malloc) failed to allocate 917856 bytes for Chunk::new
# Possible reasons:
#   The system is out of physical RAM or swap space
#   The process is running with CompressedOops enabled, and the Java Heap may be blocking the growth of the native heap
# Possible solutions:
#   Reduce memory load on the system
#   Increase physical memory or swap space
#   Check if swap backing store is full
#   Decrease Java heap size (-Xmx/-Xms)
#   Decrease number of Java threads
#   Decrease Java thread stack sizes (-Xss)
#   Set larger code cache with -XX:ReservedCodeCacheSize=
#   JVM is running with Zero Based Compressed Oops mode in which the Java heap is
#     placed in the first 32GB address space. The Java Heap base address is the
#     maximum limit for the native heap growth. Please use -XX:HeapBaseMinAddress
#     to set the Java Heap base and to place the Java Heap above 32GB virtual address.
# This output file may be truncated or incomplete.
#
#  Out of Memory Error (arena.cpp:189), pid=9680, tid=23116
#
# JRE version: Java(TM) SE Runtime Environment (17.0.12+8) (build 17.0.12+8-LTS-286)
# Java VM: Java HotSpot(TM) 64-Bit Server VM (17.0.12+8-LTS-286, mixed mode, sharing, tiered, compressed oops, compressed class ptrs, g1 gc, windows-amd64)
# No core dump will be written. Minidumps are not enabled by default on client versions of Windows
#

---------------  S U M M A R Y ------------

Command Line: -XX:MaxMetaspaceSize=4G -XX:ReservedCodeCacheSize=512m -XX:+HeapDumpOnOutOfMemoryError --add-opens=java.base/java.util=ALL-UNNAMED --add-opens=java.base/java.lang=ALL-UNNAMED --add-opens=java.base/java.lang.invoke=ALL-UNNAMED --add-opens=java.prefs/java.util.prefs=ALL-UNNAMED --add-exports=jdk.compiler/com.sun.tools.javac.api=ALL-UNNAMED --add-exports=jdk.compiler/com.sun.tools.javac.util=ALL-UNNAMED --add-opens=java.base/java.nio.charset=ALL-UNNAMED --add-opens=java.base/java.net=ALL-UNNAMED --add-opens=java.base/java.util.concurrent.atomic=ALL-UNNAMED -Xmx8G -Dfile.encoding=utf8 -Duser.country=US -Duser.language=en -Duser.variant -javaagent:C:\Users\PehanRathnayaka\.gradle\wrapper\dists\gradle-8.10.2-all\7iv73wktx1xtkvlq19urqw1wm\gradle-8.10.2\lib\agents\gradle-instrumentation-agent-8.10.2.jar org.gradle.launcher.daemon.bootstrap.GradleDaemon 8.10.2

Host: Intel(R) Core(TM) i5-6300U CPU @ 2.40GHz, 4 cores, 15G,  Windows 11 , 64 bit Build 26100 (10.0.26100.4202)
Time: Sun Jun 29 15:54:55 2025 Sri Lanka Standard Time elapsed time: 120.025836 seconds (0d 0h 2m 0s)

---------------  T H R E A D  ---------------

Current thread (0x00000204f01e4110):  JavaThread "C2 CompilerThread0" daemon [_thread_in_native, id=23116, stack(0x000000657fd00000,0x000000657fe00000)]


Current CompileTask:
C2: 120026 20062       4       org.gradle.internal.instantiation.generator.AbstractClassGenerator$$Lambda$140/0x00000204f21b2ad0::test (12 bytes)

Stack: [0x000000657fd00000,0x000000657fe00000]
Native frames: (J=compiled Java code, j=interpreted, Vv=VM code, C=native code)
V  [jvm.dll+0x67a04a]
V  [jvm.dll+0x7da4ed]
V  [jvm.dll+0x7dbe33]
V  [jvm.dll+0x7dc4a3]
V  [jvm.dll+0x24508f]
V  [jvm.dll+0xab773]
V  [jvm.dll+0xabd3c]
V  [jvm.dll+0x2aa52f]
V  [jvm.dll+0x581eb9]
V  [jvm.dll+0x21f422]
V  [jvm.dll+0x21f81f]
V  [jvm.dll+0x218aa0]
V  [jvm.dll+0x215b65]
V  [jvm.dll+0x1a2960]
V  [jvm.dll+0x22610b]
V  [jvm.dll+0x2242ab]
V  [jvm.dll+0x79075c]
V  [jvm.dll+0x78abea]
V  [jvm.dll+0x678f35]
C  [ucrtbase.dll+0x37b0]
C  [KERNEL32.DLL+0x2e8d7]
C  [ntdll.dll+0x3c34c]


---------------  P R O C E S S  ---------------

Threads class SMR info:
_java_thread_list=0x000002054a546a80, length=84, elements={
0x00000204b2b86ec0, 0x00000204f01cde00, 0x00000204f01ce8d0, 0x00000204f01df9e0,
0x00000204f01e22c0, 0x00000204f01e2b90, 0x00000204f01e3460, 0x00000204f01e4110,
0x00000204f04737d0, 0x00000204f047ccf0, 0x00000204f04dfe60, 0x00000204f0588cf0,
0x000002053761c700, 0x0000020536ad9020, 0x00000205377d0080, 0x000002053769ad20,
0x00000205372b3cb0, 0x00000205375b4b20, 0x00000205375b2cc0, 0x00000205375b6470,
0x00000205375b36e0, 0x00000205375b3bf0, 0x00000205375b31d0, 0x00000205375b5030,
0x00000205375b4100, 0x00000205375b4610, 0x00000205375b5540, 0x00000205375b5f60,
0x00000205375b5a50, 0x00000205393a3070, 0x00000205393a58f0, 0x00000205393a6310,
0x00000205393a49c0, 0x00000205393a3580, 0x00000205393a3a90, 0x00000205393a5e00,
0x00000205393a3fa0, 0x00000205393a4ed0, 0x0000020538e33d20, 0x0000020538e35160,
0x0000020538e328e0, 0x0000020538e31ec0, 0x0000020538e323d0, 0x0000020538e32df0,
0x0000020538e33300, 0x0000020538e33810, 0x0000020538e34740, 0x0000020538e34230,
0x0000020538e34c50, 0x000002053af5f290, 0x000002053af5d430, 0x000002053af5ca10,
0x000002053af5d940, 0x000002053af5c500, 0x000002053af5cf20, 0x000002053af5de50,
0x000002053af5ed80, 0x000002053af5bff0, 0x0000020538d06300, 0x0000020538d04ec0,
0x0000020538d053d0, 0x0000020538d03f90, 0x0000020538d044a0, 0x0000020538d05df0,
0x0000020538d049b0, 0x0000020538e35670, 0x000002053b5d8090, 0x000002053b5d8ab0,
0x000002053b5db840, 0x000002053b5d99e0, 0x000002053b5dae20, 0x000002053b5dbd50,
0x000002053b5d8fc0, 0x000002053b5d94d0, 0x000002053b5da910, 0x000002053b5d85a0,
0x000002053b5dc770, 0x000002053b5dcc80, 0x000002053b5deae0, 0x000002053b5ddbb0,
0x000002053b5de5d0, 0x000002053b5dd190, 0x000002053b5dd6a0, 0x000002053b5deff0
}

Java Threads: ( => current thread )
  0x00000204b2b86ec0 JavaThread "main" [_thread_blocked, id=23660, stack(0x000000657f000000,0x000000657f100000)]
  0x00000204f01cde00 JavaThread "Reference Handler" daemon [_thread_blocked, id=16668, stack(0x000000657f700000,0x000000657f800000)]
  0x00000204f01ce8d0 JavaThread "Finalizer" daemon [_thread_blocked, id=22116, stack(0x000000657f800000,0x000000657f900000)]
  0x00000204f01df9e0 JavaThread "Signal Dispatcher" daemon [_thread_blocked, id=16544, stack(0x000000657f900000,0x000000657fa00000)]
  0x00000204f01e22c0 JavaThread "Attach Listener" daemon [_thread_blocked, id=24456, stack(0x000000657fa00000,0x000000657fb00000)]
  0x00000204f01e2b90 JavaThread "Service Thread" daemon [_thread_blocked, id=25140, stack(0x000000657fb00000,0x000000657fc00000)]
  0x00000204f01e3460 JavaThread "Monitor Deflation Thread" daemon [_thread_blocked, id=7684, stack(0x000000657fc00000,0x000000657fd00000)]
=>0x00000204f01e4110 JavaThread "C2 CompilerThread0" daemon [_thread_in_native, id=23116, stack(0x000000657fd00000,0x000000657fe00000)]
  0x00000204f04737d0 JavaThread "C1 CompilerThread0" daemon [_thread_blocked, id=25144, stack(0x000000657fe00000,0x000000657ff00000)]
  0x00000204f047ccf0 JavaThread "Sweeper thread" daemon [_thread_blocked, id=19384, stack(0x000000657ff00000,0x0000006580000000)]
  0x00000204f04dfe60 JavaThread "Common-Cleaner" daemon [_thread_blocked, id=6492, stack(0x0000006500000000,0x0000006500100000)]
  0x00000204f0588cf0 JavaThread "Notification Thread" daemon [_thread_blocked, id=19112, stack(0x0000006500100000,0x0000006500200000)]
  0x000002053761c700 JavaThread "Daemon health stats" [_thread_blocked, id=288, stack(0x0000006500600000,0x0000006500700000)]
  0x0000020536ad9020 JavaThread "Incoming local TCP Connector on port 54538" [_thread_in_native, id=13368, stack(0x0000006500700000,0x0000006500800000)]
  0x00000205377d0080 JavaThread "Daemon periodic checks" [_thread_blocked, id=23776, stack(0x0000006500800000,0x0000006500900000)]
  0x000002053769ad20 JavaThread "Daemon" [_thread_blocked, id=3920, stack(0x0000006500900000,0x0000006500a00000)]
  0x00000205372b3cb0 JavaThread "Handler for socket connection from /127.0.0.1:54538 to /127.0.0.1:54539" [_thread_in_native, id=17640, stack(0x0000006500a00000,0x0000006500b00000)]
  0x00000205375b4b20 JavaThread "Cancel handler" [_thread_blocked, id=21664, stack(0x0000006500b00000,0x0000006500c00000)]
  0x00000205375b2cc0 JavaThread "Daemon worker" [_thread_in_vm, id=13116, stack(0x0000006500c00000,0x0000006500d00000)]
  0x00000205375b6470 JavaThread "Asynchronous log dispatcher for DefaultDaemonConnection: socket connection from /127.0.0.1:54538 to /127.0.0.1:54539" [_thread_blocked, id=25176, stack(0x0000006500d00000,0x0000006500e00000)]
  0x00000205375b36e0 JavaThread "Stdin handler" [_thread_blocked, id=21616, stack(0x0000006500e00000,0x0000006500f00000)]
  0x00000205375b3bf0 JavaThread "Daemon client event forwarder" [_thread_in_Java, id=23620, stack(0x0000006500f00000,0x0000006501000000)]
  0x00000205375b31d0 JavaThread "Cache worker for journal cache (C:\Users\PehanRathnayaka\.gradle\caches\journal-1)" [_thread_blocked, id=10412, stack(0x0000006501000000,0x0000006501100000)]
  0x00000205375b5030 JavaThread "File lock request listener" [_thread_in_native, id=16280, stack(0x0000006501100000,0x0000006501200000)]
  0x00000205375b4100 JavaThread "Cache worker for file hash cache (C:\Users\PehanRathnayaka\.gradle\caches\8.10.2\fileHashes)" [_thread_blocked, id=18056, stack(0x0000006501200000,0x0000006501300000)]
  0x00000205375b4610 JavaThread "Cache worker for file hash cache (C:\Users\PehanRathnayaka\AndroidStudioProjects\scanner_frontend\android\.gradle\8.10.2\fileHashes)" [_thread_blocked, id=19784, stack(0x0000006501400000,0x0000006501500000)]
  0x00000205375b5540 JavaThread "Cache worker for Build Output Cleanup Cache (C:\Users\PehanRathnayaka\AndroidStudioProjects\scanner_frontend\android\.gradle\buildOutputCleanup)" [_thread_blocked, id=24620, stack(0x0000006501500000,0x0000006501600000)]
  0x00000205375b5f60 JavaThread "File watcher server" daemon [_thread_in_native, id=21028, stack(0x0000006501300000,0x0000006501400000)]
  0x00000205375b5a50 JavaThread "File watcher consumer" daemon [_thread_blocked, id=17332, stack(0x0000006501600000,0x0000006501700000)]
  0x00000205393a3070 JavaThread "jar transforms" [_thread_blocked, id=14508, stack(0x0000006501700000,0x0000006501800000)]
  0x00000205393a58f0 JavaThread "jar transforms Thread 2" [_thread_blocked, id=24612, stack(0x0000006501800000,0x0000006501900000)]
  0x00000205393a6310 JavaThread "jar transforms Thread 3" [_thread_blocked, id=26264, stack(0x0000006501900000,0x0000006501a00000)]
  0x00000205393a49c0 JavaThread "Cache worker for checksums cache (C:\Users\PehanRathnayaka\AndroidStudioProjects\scanner_frontend\android\.gradle\8.10.2\checksums)" [_thread_blocked, id=20316, stack(0x0000006501b00000,0x0000006501c00000)]
  0x00000205393a3580 JavaThread "Cache worker for file content cache (C:\Users\PehanRathnayaka\.gradle\caches\8.10.2\fileContent)" [_thread_blocked, id=9888, stack(0x0000006501c00000,0x0000006501d00000)]
  0x00000205393a3a90 JavaThread "Cache worker for cache directory md-rule (C:\Users\PehanRathnayaka\.gradle\caches\8.10.2\md-rule)" [_thread_blocked, id=21844, stack(0x0000006501d00000,0x0000006501e00000)]
  0x00000205393a5e00 JavaThread "Cache worker for cache directory md-supplier (C:\Users\PehanRathnayaka\.gradle\caches\8.10.2\md-supplier)" [_thread_blocked, id=21672, stack(0x0000006501e00000,0x0000006501f00000)]
  0x00000205393a3fa0 JavaThread "jar transforms Thread 4" [_thread_blocked, id=25676, stack(0x0000006501f00000,0x0000006502000000)]
  0x00000205393a4ed0 JavaThread "File lock release action executor" [_thread_blocked, id=18596, stack(0x0000006502000000,0x0000006502100000)]
  0x0000020538e33d20 JavaThread "Cache worker for Build Output Cleanup Cache (C:\flutter_windows_3.10.5-stable\flutter\packages\flutter_tools\gradle\.gradle\buildOutputCleanup)" [_thread_blocked, id=3464, stack(0x0000006501a00000,0x0000006501b00000)]
  0x0000020538e35160 JavaThread "Memory manager" [_thread_blocked, id=272, stack(0x0000006502200000,0x0000006502300000)]
  0x0000020538e328e0 JavaThread "Execution worker" [_thread_blocked, id=25128, stack(0x0000006502400000,0x0000006502500000)]
  0x0000020538e31ec0 JavaThread "Execution worker Thread 2" [_thread_blocked, id=17788, stack(0x0000006502500000,0x0000006502600000)]
  0x0000020538e323d0 JavaThread "Execution worker Thread 3" [_thread_blocked, id=20248, stack(0x0000006502600000,0x0000006502700000)]
  0x0000020538e32df0 JavaThread "Cache worker for execution history cache (C:\flutter_windows_3.10.5-stable\flutter\packages\flutter_tools\gradle\.gradle\8.10.2\executionHistory)" [_thread_blocked, id=22256, stack(0x0000006502700000,0x0000006502800000)]
  0x0000020538e33300 JavaThread "Unconstrained build operations" [_thread_blocked, id=25392, stack(0x0000006502900000,0x0000006502a00000)]
  0x0000020538e33810 JavaThread "Unconstrained build operations Thread 2" [_thread_blocked, id=9560, stack(0x0000006502a00000,0x0000006502b00000)]
  0x0000020538e34740 JavaThread "Unconstrained build operations Thread 3" [_thread_blocked, id=18944, stack(0x0000006502b00000,0x0000006502c00000)]
  0x0000020538e34230 JavaThread "Unconstrained build operations Thread 4" [_thread_blocked, id=10748, stack(0x0000006502c00000,0x0000006502d00000)]
  0x0000020538e34c50 JavaThread "Unconstrained build operations Thread 5" [_thread_blocked, id=23152, stack(0x0000006502d00000,0x0000006502e00000)]
  0x000002053af5f290 JavaThread "Unconstrained build operations Thread 6" [_thread_blocked, id=21764, stack(0x0000006502e00000,0x0000006502f00000)]
  0x000002053af5d430 JavaThread "Unconstrained build operations Thread 7" [_thread_blocked, id=19904, stack(0x0000006502f00000,0x0000006503000000)]
  0x000002053af5ca10 JavaThread "Unconstrained build operations Thread 8" [_thread_blocked, id=19596, stack(0x0000006503000000,0x0000006503100000)]
  0x000002053af5d940 JavaThread "Unconstrained build operations Thread 9" [_thread_blocked, id=13080, stack(0x0000006503100000,0x0000006503200000)]
  0x000002053af5c500 JavaThread "Unconstrained build operations Thread 10" [_thread_blocked, id=8208, stack(0x0000006503200000,0x0000006503300000)]
  0x000002053af5cf20 JavaThread "Unconstrained build operations Thread 11" [_thread_blocked, id=26600, stack(0x0000006503300000,0x0000006503400000)]
  0x000002053af5de50 JavaThread "Unconstrained build operations Thread 12" [_thread_blocked, id=22028, stack(0x0000006503400000,0x0000006503500000)]
  0x000002053af5ed80 JavaThread "Unconstrained build operations Thread 13" [_thread_blocked, id=16048, stack(0x0000006503600000,0x0000006503700000)]
  0x000002053af5bff0 JavaThread "Unconstrained build operations Thread 14" [_thread_blocked, id=24636, stack(0x0000006503700000,0x0000006503800000)]
  0x0000020538d06300 JavaThread "Unconstrained build operations Thread 15" [_thread_blocked, id=25492, stack(0x0000006503800000,0x0000006503900000)]
  0x0000020538d04ec0 JavaThread "Unconstrained build operations Thread 16" [_thread_blocked, id=14384, stack(0x0000006503900000,0x0000006503a00000)]
  0x0000020538d053d0 JavaThread "Unconstrained build operations Thread 17" [_thread_blocked, id=17296, stack(0x0000006503a00000,0x0000006503b00000)]
  0x0000020538d03f90 JavaThread "Unconstrained build operations Thread 18" [_thread_blocked, id=16460, stack(0x0000006503b00000,0x0000006503c00000)]
  0x0000020538d044a0 JavaThread "Unconstrained build operations Thread 19" [_thread_blocked, id=4240, stack(0x0000006503c00000,0x0000006503d00000)]
  0x0000020538d05df0 JavaThread "Unconstrained build operations Thread 20" [_thread_blocked, id=17864, stack(0x0000006503d00000,0x0000006503e00000)]
  0x0000020538d049b0 JavaThread "Unconstrained build operations Thread 21" [_thread_blocked, id=7752, stack(0x0000006503e00000,0x0000006503f00000)]
  0x0000020538e35670 JavaThread "Unconstrained build operations Thread 22" [_thread_blocked, id=18344, stack(0x0000006502300000,0x0000006502400000)]
  0x000002053b5d8090 JavaThread "Unconstrained build operations Thread 23" [_thread_blocked, id=9340, stack(0x0000006503f00000,0x0000006504000000)]
  0x000002053b5d8ab0 JavaThread "Unconstrained build operations Thread 24" [_thread_blocked, id=13676, stack(0x0000006504000000,0x0000006504100000)]
  0x000002053b5db840 JavaThread "Unconstrained build operations Thread 25" [_thread_blocked, id=16964, stack(0x0000006504100000,0x0000006504200000)]
  0x000002053b5d99e0 JavaThread "Unconstrained build operations Thread 26" [_thread_blocked, id=16672, stack(0x0000006504200000,0x0000006504300000)]
  0x000002053b5dae20 JavaThread "Unconstrained build operations Thread 27" [_thread_blocked, id=21236, stack(0x0000006504300000,0x0000006504400000)]
  0x000002053b5dbd50 JavaThread "Unconstrained build operations Thread 28" [_thread_blocked, id=19704, stack(0x0000006504400000,0x0000006504500000)]
  0x000002053b5d8fc0 JavaThread "Unconstrained build operations Thread 29" [_thread_blocked, id=25432, stack(0x0000006504500000,0x0000006504600000)]
  0x000002053b5d94d0 JavaThread "Unconstrained build operations Thread 30" [_thread_blocked, id=23628, stack(0x0000006504600000,0x0000006504700000)]
  0x000002053b5da910 JavaThread "Unconstrained build operations Thread 31" [_thread_blocked, id=13492, stack(0x0000006504700000,0x0000006504800000)]
  0x000002053b5d85a0 JavaThread "Unconstrained build operations Thread 32" [_thread_blocked, id=7520, stack(0x0000006504800000,0x0000006504900000)]
  0x000002053b5dc770 JavaThread "Unconstrained build operations Thread 33" [_thread_blocked, id=3588, stack(0x0000006504900000,0x0000006504a00000)]
  0x000002053b5dcc80 JavaThread "Unconstrained build operations Thread 34" [_thread_blocked, id=26184, stack(0x0000006504a00000,0x0000006504b00000)]
  0x000002053b5deae0 JavaThread "Unconstrained build operations Thread 35" [_thread_blocked, id=7156, stack(0x0000006504b00000,0x0000006504c00000)]
  0x000002053b5ddbb0 JavaThread "Unconstrained build operations Thread 36" [_thread_blocked, id=24268, stack(0x0000006504c00000,0x0000006504d00000)]
  0x000002053b5de5d0 JavaThread "Unconstrained build operations Thread 37" [_thread_blocked, id=8236, stack(0x0000006504d00000,0x0000006504e00000)]
  0x000002053b5dd190 JavaThread "Unconstrained build operations Thread 38" [_thread_blocked, id=11612, stack(0x0000006504e00000,0x0000006504f00000)]
  0x000002053b5dd6a0 JavaThread "Unconstrained build operations Thread 39" [_thread_blocked, id=24616, stack(0x0000006504f00000,0x0000006505000000)]
  0x000002053b5deff0 JavaThread "Unconstrained build operations Thread 40" [_thread_blocked, id=17884, stack(0x0000006505000000,0x0000006505100000)]

Other Threads:
  0x00000204f01be780 VMThread "VM Thread" [stack: 0x000000657f600000,0x000000657f700000] [id=12036]
  0x00000204b2b87890 WatcherThread [stack: 0x0000006500200000,0x0000006500300000] [id=18756]
  0x00000204b2c33b70 GCTaskThread "GC Thread#0" [stack: 0x000000657f100000,0x000000657f200000] [id=22756]
  0x00000204f07e6f40 GCTaskThread "GC Thread#1" [stack: 0x0000006500300000,0x0000006500400000] [id=19612]
  0x00000204f07e7200 GCTaskThread "GC Thread#2" [stack: 0x0000006500400000,0x0000006500500000] [id=20532]
  0x00000204f067b940 GCTaskThread "GC Thread#3" [stack: 0x0000006500500000,0x0000006500600000] [id=13288]
  0x00000204b2c44870 ConcurrentGCThread "G1 Main Marker" [stack: 0x000000657f200000,0x000000657f300000] [id=24300]
  0x00000204b2c45ba0 ConcurrentGCThread "G1 Conc#0" [stack: 0x000000657f300000,0x000000657f400000] [id=6360]
  0x00000204f006d3a0 ConcurrentGCThread "G1 Refine#0" [stack: 0x000000657f400000,0x000000657f500000] [id=15628]
  0x00000204f006fb90 ConcurrentGCThread "G1 Service" [stack: 0x000000657f500000,0x000000657f600000] [id=2540]

Threads with active compile tasks:
C2 CompilerThread0   120121 20062       4       org.gradle.internal.instantiation.generator.AbstractClassGenerator$$Lambda$140/0x00000204f21b2ad0::test (12 bytes)

VM state: not at safepoint (normal execution)

VM Mutex/Monitor currently owned by a thread:  ([mutex/lock_event])
[0x00000204b2b82900] CompiledIC_lock - owner thread: 0x00000205375b2cc0

OutOfMemory and StackOverflow Exception counts:
OutOfMemoryError java_heap_errors=1
LinkageErrors=202

Heap address: 0x0000000600000000, size: 8192 MB, Compressed Oops mode: Zero based, Oop shift amount: 3

CDS archive(s) mapped at: [0x00000204f1000000-0x00000204f1bd0000-0x00000204f1bd0000), size 12386304, SharedBaseAddress: 0x00000204f1000000, ArchiveRelocationMode: 1.
Compressed class space mapped at: 0x00000204f2000000-0x0000020532000000, reserved size: 1073741824
Narrow klass base: 0x00000204f1000000, Narrow klass shift: 0, Narrow klass range: 0x100000000

GC Precious Log:
 CPUs: 4 total, 4 available
 Memory: 16264M
 Large Page Support: Disabled
 NUMA Support: Disabled
 Compressed Oops: Enabled (Zero based)
 Heap Region Size: 4M
 Heap Min Capacity: 8M
 Heap Initial Capacity: 256M
 Heap Max Capacity: 8G
 Pre-touch: Disabled
 Parallel Workers: 4
 Concurrent Workers: 1
 Concurrent Refinement Workers: 4
 Periodic GC: Disabled

Heap:
 garbage-first heap   total 512000K, used 372164K [0x0000000600000000, 0x0000000800000000)
  region size 4096K, 27 young (110592K), 3 survivors (12288K)
 Metaspace       used 151861K, committed 153344K, reserved 1245184K
  class space    used 19906K, committed 20608K, reserved 1048576K

Heap Regions: E=young(eden), S=young(survivor), O=old, HS=humongous(starts), HC=humongous(continues), CS=collection set, F=free, OA=open archive, CA=closed archive, TAMS=top-at-mark-start (previous, next)
|   0|0x0000000600000000, 0x0000000600400000, 0x0000000600400000|100%|HS|  |TAMS 0x0000000600400000, 0x0000000600000000| Complete 
|   1|0x0000000600400000, 0x0000000600800000, 0x0000000600800000|100%| O|  |TAMS 0x0000000600800000, 0x0000000600400000| Untracked 
|   2|0x0000000600800000, 0x0000000600c00000, 0x0000000600c00000|100%| O|  |TAMS 0x0000000600c00000, 0x0000000600800000| Untracked 
|   3|0x0000000600c00000, 0x0000000601000000, 0x0000000601000000|100%| O|  |TAMS 0x0000000601000000, 0x0000000600c00000| Untracked 
|   4|0x0000000601000000, 0x0000000601400000, 0x0000000601400000|100%| O|  |TAMS 0x0000000601400000, 0x0000000601000000| Untracked 
|   5|0x0000000601400000, 0x0000000601800000, 0x0000000601800000|100%| O|  |TAMS 0x0000000601800000, 0x0000000601400000| Untracked 
|   6|0x0000000601800000, 0x0000000601c00000, 0x0000000601c00000|100%| O|  |TAMS 0x0000000601c00000, 0x0000000601800000| Untracked 
|   7|0x0000000601c00000, 0x0000000602000000, 0x0000000602000000|100%| O|  |TAMS 0x0000000602000000, 0x0000000601c00000| Untracked 
|   8|0x0000000602000000, 0x0000000602400000, 0x0000000602400000|100%| O|  |TAMS 0x0000000602400000, 0x0000000602000000| Untracked 
|   9|0x0000000602400000, 0x0000000602800000, 0x0000000602800000|100%| O|  |TAMS 0x0000000602800000, 0x0000000602400000| Untracked 
|  10|0x0000000602800000, 0x0000000602c00000, 0x0000000602c00000|100%| O|  |TAMS 0x0000000602c00000, 0x0000000602800000| Untracked 
|  11|0x0000000602c00000, 0x0000000603000000, 0x0000000603000000|100%| O|  |TAMS 0x0000000603000000, 0x0000000602c00000| Untracked 
|  12|0x0000000603000000, 0x0000000603400000, 0x0000000603400000|100%| O|  |TAMS 0x0000000603400000, 0x0000000603000000| Untracked 
|  13|0x0000000603400000, 0x0000000603800000, 0x0000000603800000|100%| O|  |TAMS 0x0000000603800000, 0x0000000603400000| Untracked 
|  14|0x0000000603800000, 0x0000000603c00000, 0x0000000603c00000|100%| O|  |TAMS 0x0000000603c00000, 0x0000000603800000| Untracked 
|  15|0x0000000603c00000, 0x0000000604000000, 0x0000000604000000|100%| O|  |TAMS 0x0000000604000000, 0x0000000603c00000| Untracked 
|  16|0x0000000604000000, 0x0000000604400000, 0x0000000604400000|100%|HS|  |TAMS 0x0000000604400000, 0x0000000604000000| Complete 
|  17|0x0000000604400000, 0x0000000604800000, 0x0000000604800000|100%| O|  |TAMS 0x0000000604800000, 0x0000000604400000| Untracked 
|  18|0x0000000604800000, 0x0000000604c00000, 0x0000000604c00000|100%| O|  |TAMS 0x0000000604c00000, 0x0000000604800000| Untracked 
|  19|0x0000000604c00000, 0x0000000605000000, 0x0000000605000000|100%| O|  |TAMS 0x0000000605000000, 0x0000000604c00000| Untracked 
|  20|0x0000000605000000, 0x0000000605400000, 0x0000000605400000|100%| O|  |TAMS 0x0000000605400000, 0x0000000605000000| Untracked 
|  21|0x0000000605400000, 0x0000000605800000, 0x0000000605800000|100%| O|  |TAMS 0x0000000605800000, 0x0000000605400000| Untracked 
|  22|0x0000000605800000, 0x0000000605c00000, 0x0000000605c00000|100%|HS|  |TAMS 0x0000000605c00000, 0x0000000605800000| Complete 
|  23|0x0000000605c00000, 0x0000000606000000, 0x0000000606000000|100%| O|  |TAMS 0x0000000606000000, 0x0000000605c00000| Untracked 
|  24|0x0000000606000000, 0x0000000606400000, 0x0000000606400000|100%| O|  |TAMS 0x0000000606400000, 0x0000000606000000| Untracked 
|  25|0x0000000606400000, 0x0000000606800000, 0x0000000606800000|100%| O|  |TAMS 0x0000000606800000, 0x0000000606400000| Untracked 
|  26|0x0000000606800000, 0x0000000606c00000, 0x0000000606c00000|100%|HS|  |TAMS 0x0000000606c00000, 0x0000000606800000| Complete 
|  27|0x0000000606c00000, 0x0000000607000000, 0x0000000607000000|100%| O|  |TAMS 0x0000000607000000, 0x0000000606c00000| Untracked 
|  28|0x0000000607000000, 0x0000000607400000, 0x0000000607400000|100%| O|  |TAMS 0x0000000607400000, 0x0000000607000000| Untracked 
|  29|0x0000000607400000, 0x0000000607800000, 0x0000000607800000|100%| O|  |TAMS 0x0000000607800000, 0x0000000607400000| Untracked 
|  30|0x0000000607800000, 0x0000000607c00000, 0x0000000607c00000|100%| O|  |TAMS 0x0000000607c00000, 0x0000000607800000| Untracked 
|  31|0x0000000607c00000, 0x0000000608000000, 0x0000000608000000|100%| O|  |TAMS 0x0000000608000000, 0x0000000607c00000| Untracked 
|  32|0x0000000608000000, 0x0000000608400000, 0x0000000608400000|100%| O|  |TAMS 0x0000000608400000, 0x0000000608000000| Untracked 
|  33|0x0000000608400000, 0x0000000608800000, 0x0000000608800000|100%| O|  |TAMS 0x0000000608800000, 0x0000000608400000| Untracked 
|  34|0x0000000608800000, 0x0000000608c00000, 0x0000000608c00000|100%| O|  |TAMS 0x0000000608c00000, 0x0000000608800000| Untracked 
|  35|0x0000000608c00000, 0x0000000609000000, 0x0000000609000000|100%| O|  |TAMS 0x0000000609000000, 0x0000000608c00000| Untracked 
|  36|0x0000000609000000, 0x0000000609400000, 0x0000000609400000|100%| O|  |TAMS 0x0000000609400000, 0x0000000609000000| Untracked 
|  37|0x0000000609400000, 0x0000000609800000, 0x0000000609800000|100%| O|  |TAMS 0x000000060953ea00, 0x0000000609400000| Untracked 
|  38|0x0000000609800000, 0x0000000609c00000, 0x0000000609c00000|100%| O|  |TAMS 0x0000000609800000, 0x0000000609800000| Untracked 
|  39|0x0000000609c00000, 0x000000060a000000, 0x000000060a000000|100%| O|  |TAMS 0x0000000609c00000, 0x0000000609c00000| Untracked 
|  40|0x000000060a000000, 0x000000060a400000, 0x000000060a400000|100%|HS|  |TAMS 0x000000060a000000, 0x000000060a000000| Complete 
|  41|0x000000060a400000, 0x000000060a800000, 0x000000060a800000|100%|HC|  |TAMS 0x000000060a400000, 0x000000060a400000| Complete 
|  42|0x000000060a800000, 0x000000060ac00000, 0x000000060ac00000|100%| O|  |TAMS 0x000000060a800000, 0x000000060a800000| Untracked 
|  43|0x000000060ac00000, 0x000000060b000000, 0x000000060b000000|100%| O|  |TAMS 0x000000060ac00000, 0x000000060ac00000| Untracked 
|  44|0x000000060b000000, 0x000000060b400000, 0x000000060b400000|100%| O|  |TAMS 0x000000060b000000, 0x000000060b000000| Untracked 
|  45|0x000000060b400000, 0x000000060b800000, 0x000000060b800000|100%| O|  |TAMS 0x000000060b400000, 0x000000060b400000| Untracked 
|  46|0x000000060b800000, 0x000000060bc00000, 0x000000060bc00000|100%| O|  |TAMS 0x000000060b800000, 0x000000060b800000| Untracked 
|  47|0x000000060bc00000, 0x000000060c000000, 0x000000060c000000|100%| O|  |TAMS 0x000000060bc00000, 0x000000060bc00000| Untracked 
|  48|0x000000060c000000, 0x000000060c400000, 0x000000060c400000|100%| O|  |TAMS 0x000000060c000000, 0x000000060c000000| Untracked 
|  49|0x000000060c400000, 0x000000060c800000, 0x000000060c800000|100%| O|  |TAMS 0x000000060c400000, 0x000000060c400000| Untracked 
|  50|0x000000060c800000, 0x000000060cc00000, 0x000000060cc00000|100%| O|  |TAMS 0x000000060c800000, 0x000000060c800000| Untracked 
|  51|0x000000060cc00000, 0x000000060d000000, 0x000000060d000000|100%| O|  |TAMS 0x000000060cc00000, 0x000000060cc00000| Untracked 
|  52|0x000000060d000000, 0x000000060d400000, 0x000000060d400000|100%| O|  |TAMS 0x000000060d000000, 0x000000060d000000| Untracked 
|  53|0x000000060d400000, 0x000000060d800000, 0x000000060d800000|100%| O|  |TAMS 0x000000060d400000, 0x000000060d400000| Untracked 
|  54|0x000000060d800000, 0x000000060dc00000, 0x000000060dc00000|100%| O|  |TAMS 0x000000060d800000, 0x000000060d800000| Untracked 
|  55|0x000000060dc00000, 0x000000060e000000, 0x000000060e000000|100%|HS|  |TAMS 0x000000060dc00000, 0x000000060dc00000| Complete 
|  56|0x000000060e000000, 0x000000060e400000, 0x000000060e400000|100%| O|  |TAMS 0x000000060e000000, 0x000000060e000000| Untracked 
|  57|0x000000060e400000, 0x000000060e800000, 0x000000060e800000|100%| O|  |TAMS 0x000000060e400000, 0x000000060e400000| Untracked 
|  58|0x000000060e800000, 0x000000060ec00000, 0x000000060ec00000|100%| O|  |TAMS 0x000000060e800000, 0x000000060e800000| Untracked 
|  59|0x000000060ec00000, 0x000000060f000000, 0x000000060f000000|100%| O|  |TAMS 0x000000060ec00000, 0x000000060ec00000| Untracked 
|  60|0x000000060f000000, 0x000000060f400000, 0x000000060f400000|100%| O|  |TAMS 0x000000060f000000, 0x000000060f000000| Untracked 
|  61|0x000000060f400000, 0x000000060f800000, 0x000000060f800000|100%|HS|  |TAMS 0x000000060f400000, 0x000000060f400000| Complete 
|  62|0x000000060f800000, 0x000000060fc00000, 0x000000060fc00000|100%| O|  |TAMS 0x000000060f800000, 0x000000060f800000| Untracked 
|  63|0x000000060fc00000, 0x0000000610000000, 0x0000000610000000|100%| O|  |TAMS 0x000000060fc00000, 0x000000060fc00000| Untracked 
|  64|0x0000000610000000, 0x0000000610400000, 0x0000000610400000|100%| O|  |TAMS 0x0000000610000000, 0x0000000610000000| Untracked 
|  65|0x0000000610400000, 0x0000000610771000, 0x0000000610800000| 86%| O|  |TAMS 0x0000000610400000, 0x0000000610400000| Untracked 
|  66|0x0000000610800000, 0x0000000610800000, 0x0000000610c00000|  0%| F|  |TAMS 0x0000000610800000, 0x0000000610800000| Untracked 
|  67|0x0000000610c00000, 0x0000000610c00000, 0x0000000611000000|  0%| F|  |TAMS 0x0000000610c00000, 0x0000000610c00000| Untracked 
|  68|0x0000000611000000, 0x0000000611000000, 0x0000000611400000|  0%| F|  |TAMS 0x0000000611000000, 0x0000000611000000| Untracked 
|  69|0x0000000611400000, 0x0000000611400000, 0x0000000611800000|  0%| F|  |TAMS 0x0000000611400000, 0x0000000611400000| Untracked 
|  70|0x0000000611800000, 0x0000000611800000, 0x0000000611c00000|  0%| F|  |TAMS 0x0000000611800000, 0x0000000611800000| Untracked 
|  71|0x0000000611c00000, 0x0000000611c00000, 0x0000000612000000|  0%| F|  |TAMS 0x0000000611c00000, 0x0000000611c00000| Untracked 
|  72|0x0000000612000000, 0x0000000612000000, 0x0000000612400000|  0%| F|  |TAMS 0x0000000612000000, 0x0000000612000000| Untracked 
|  73|0x0000000612400000, 0x0000000612400000, 0x0000000612800000|  0%| F|  |TAMS 0x0000000612400000, 0x0000000612400000| Untracked 
|  74|0x0000000612800000, 0x0000000612800000, 0x0000000612c00000|  0%| F|  |TAMS 0x0000000612800000, 0x0000000612800000| Untracked 
|  75|0x0000000612c00000, 0x0000000612c00000, 0x0000000613000000|  0%| F|  |TAMS 0x0000000612c00000, 0x0000000612c00000| Untracked 
|  76|0x0000000613000000, 0x0000000613000000, 0x0000000613400000|  0%| F|  |TAMS 0x0000000613000000, 0x0000000613000000| Untracked 
|  77|0x0000000613400000, 0x0000000613400000, 0x0000000613800000|  0%| F|  |TAMS 0x0000000613400000, 0x0000000613400000| Untracked 
|  78|0x0000000613800000, 0x0000000613800000, 0x0000000613c00000|  0%| F|  |TAMS 0x0000000613800000, 0x0000000613800000| Untracked 
|  79|0x0000000613c00000, 0x0000000613c00000, 0x0000000614000000|  0%| F|  |TAMS 0x0000000613c00000, 0x0000000613c00000| Untracked 
|  80|0x0000000614000000, 0x0000000614000000, 0x0000000614400000|  0%| F|  |TAMS 0x0000000614000000, 0x0000000614000000| Untracked 
|  81|0x0000000614400000, 0x0000000614400000, 0x0000000614800000|  0%| F|  |TAMS 0x0000000614400000, 0x0000000614400000| Untracked 
|  82|0x0000000614800000, 0x0000000614800000, 0x0000000614c00000|  0%| F|  |TAMS 0x0000000614800000, 0x0000000614800000| Untracked 
|  83|0x0000000614c00000, 0x0000000614c00000, 0x0000000615000000|  0%| F|  |TAMS 0x0000000614c00000, 0x0000000614c00000| Untracked 
|  84|0x0000000615000000, 0x0000000615000000, 0x0000000615400000|  0%| F|  |TAMS 0x0000000615000000, 0x0000000615000000| Untracked 
|  85|0x0000000615400000, 0x0000000615400000, 0x0000000615800000|  0%| F|  |TAMS 0x0000000615400000, 0x0000000615400000| Untracked 
|  86|0x0000000615800000, 0x0000000615800000, 0x0000000615c00000|  0%| F|  |TAMS 0x0000000615800000, 0x0000000615800000| Untracked 
|  87|0x0000000615c00000, 0x0000000616000000, 0x0000000616000000|100%| S|CS|TAMS 0x0000000615c00000, 0x0000000615c00000| Complete 
|  88|0x0000000616000000, 0x0000000616400000, 0x0000000616400000|100%| S|CS|TAMS 0x0000000616000000, 0x0000000616000000| Complete 
|  89|0x0000000616400000, 0x0000000616800000, 0x0000000616800000|100%| S|CS|TAMS 0x0000000616400000, 0x0000000616400000| Complete 
|  90|0x0000000616800000, 0x0000000616800000, 0x0000000616c00000|  0%| F|  |TAMS 0x0000000616800000, 0x0000000616800000| Untracked 
|  91|0x0000000616c00000, 0x0000000616c00000, 0x0000000617000000|  0%| F|  |TAMS 0x0000000616c00000, 0x0000000616c00000| Untracked 
|  92|0x0000000617000000, 0x0000000617000000, 0x0000000617400000|  0%| F|  |TAMS 0x0000000617000000, 0x0000000617000000| Untracked 
|  93|0x0000000617400000, 0x0000000617400000, 0x0000000617800000|  0%| F|  |TAMS 0x0000000617400000, 0x0000000617400000| Untracked 
|  94|0x0000000617800000, 0x0000000617800000, 0x0000000617c00000|  0%| F|  |TAMS 0x0000000617800000, 0x0000000617800000| Untracked 
|  95|0x0000000617c00000, 0x0000000617c00000, 0x0000000618000000|  0%| F|  |TAMS 0x0000000617c00000, 0x0000000617c00000| Untracked 
|  96|0x0000000618000000, 0x0000000618000000, 0x0000000618400000|  0%| F|  |TAMS 0x0000000618000000, 0x0000000618000000| Untracked 
|  97|0x0000000618400000, 0x0000000618400000, 0x0000000618800000|  0%| F|  |TAMS 0x0000000618400000, 0x0000000618400000| Untracked 
|  98|0x0000000618800000, 0x0000000618800000, 0x0000000618c00000|  0%| F|  |TAMS 0x0000000618800000, 0x0000000618800000| Untracked 
|  99|0x0000000618c00000, 0x0000000618c00000, 0x0000000619000000|  0%| F|  |TAMS 0x0000000618c00000, 0x0000000618c00000| Untracked 
| 100|0x0000000619000000, 0x0000000619000000, 0x0000000619400000|  0%| F|  |TAMS 0x0000000619000000, 0x0000000619000000| Untracked 
| 101|0x0000000619400000, 0x000000061966b578, 0x0000000619800000| 60%| E|  |TAMS 0x0000000619400000, 0x0000000619400000| Complete 
| 102|0x0000000619800000, 0x0000000619c00000, 0x0000000619c00000|100%| E|  |TAMS 0x0000000619800000, 0x0000000619800000| Complete 
| 103|0x0000000619c00000, 0x000000061a000000, 0x000000061a000000|100%| E|CS|TAMS 0x0000000619c00000, 0x0000000619c00000| Complete 
| 104|0x000000061a000000, 0x000000061a400000, 0x000000061a400000|100%| E|CS|TAMS 0x000000061a000000, 0x000000061a000000| Complete 
| 105|0x000000061a400000, 0x000000061a800000, 0x000000061a800000|100%| E|CS|TAMS 0x000000061a400000, 0x000000061a400000| Complete 
| 106|0x000000061a800000, 0x000000061ac00000, 0x000000061ac00000|100%| E|CS|TAMS 0x000000061a800000, 0x000000061a800000| Complete 
| 107|0x000000061ac00000, 0x000000061b000000, 0x000000061b000000|100%| E|CS|TAMS 0x000000061ac00000, 0x000000061ac00000| Complete 
| 108|0x000000061b000000, 0x000000061b400000, 0x000000061b400000|100%| E|CS|TAMS 0x000000061b000000, 0x000000061b000000| Complete 
| 109|0x000000061b400000, 0x000000061b800000, 0x000000061b800000|100%| E|CS|TAMS 0x000000061b400000, 0x000000061b400000| Complete 
| 110|0x000000061b800000, 0x000000061bc00000, 0x000000061bc00000|100%| E|CS|TAMS 0x000000061b800000, 0x000000061b800000| Complete 
| 111|0x000000061bc00000, 0x000000061c000000, 0x000000061c000000|100%| E|CS|TAMS 0x000000061bc00000, 0x000000061bc00000| Complete 
| 112|0x000000061c000000, 0x000000061c400000, 0x000000061c400000|100%| E|CS|TAMS 0x000000061c000000, 0x000000061c000000| Complete 
| 113|0x000000061c400000, 0x000000061c800000, 0x000000061c800000|100%| E|CS|TAMS 0x000000061c400000, 0x000000061c400000| Complete 
| 114|0x000000061c800000, 0x000000061cc00000, 0x000000061cc00000|100%| E|CS|TAMS 0x000000061c800000, 0x000000061c800000| Complete 
| 115|0x000000061cc00000, 0x000000061d000000, 0x000000061d000000|100%| E|CS|TAMS 0x000000061cc00000, 0x000000061cc00000| Complete 
| 116|0x000000061d000000, 0x000000061d400000, 0x000000061d400000|100%| E|CS|TAMS 0x000000061d000000, 0x000000061d000000| Complete 
| 117|0x000000061d400000, 0x000000061d800000, 0x000000061d800000|100%| E|CS|TAMS 0x000000061d400000, 0x000000061d400000| Complete 
| 118|0x000000061d800000, 0x000000061dc00000, 0x000000061dc00000|100%| E|CS|TAMS 0x000000061d800000, 0x000000061d800000| Complete 
| 119|0x000000061dc00000, 0x000000061e000000, 0x000000061e000000|100%| E|CS|TAMS 0x000000061dc00000, 0x000000061dc00000| Complete 
| 120|0x000000061e000000, 0x000000061e400000, 0x000000061e400000|100%| E|CS|TAMS 0x000000061e000000, 0x000000061e000000| Complete 
| 121|0x000000061e400000, 0x000000061e800000, 0x000000061e800000|100%| E|CS|TAMS 0x000000061e400000, 0x000000061e400000| Complete 
| 122|0x000000061e800000, 0x000000061ec00000, 0x000000061ec00000|100%| E|CS|TAMS 0x000000061e800000, 0x000000061e800000| Complete 
| 123|0x000000061ec00000, 0x000000061f000000, 0x000000061f000000|100%| E|CS|TAMS 0x000000061ec00000, 0x000000061ec00000| Complete 
| 124|0x000000061f000000, 0x000000061f400000, 0x000000061f400000|100%| E|CS|TAMS 0x000000061f000000, 0x000000061f000000| Complete 

Card table byte_map: [0x00000204dbcc0000,0x00000204dccc0000] _byte_map_base: 0x00000204d8cc0000

Marking Bits (Prev, Next): (CMBitMap*) 0x00000204b2c33f40, (CMBitMap*) 0x00000204b2c33f80
 Prev Bits: [0x00000204ddcc0000, 0x00000204e5cc0000)
 Next Bits: [0x00000204e5cc0000, 0x00000204edcc0000)

Polling page: 0x00000204b1300000

Metaspace:

Usage:
  Non-class:    128.86 MB used.
      Class:     19.44 MB used.
       Both:    148.30 MB used.

Virtual space:
  Non-class space:      192.00 MB reserved,     129.62 MB ( 68%) committed,  3 nodes.
      Class space:        1.00 GB reserved,      20.12 MB (  2%) committed,  1 nodes.
             Both:        1.19 GB reserved,     149.75 MB ( 12%) committed. 

Chunk freelists:
   Non-Class:  13.75 MB
       Class:  11.78 MB
        Both:  25.53 MB

MaxMetaspaceSize: 4.00 GB
CompressedClassSpaceSize: 1.00 GB
Initial GC threshold: 21.00 MB
Current GC threshold: 160.94 MB
CDS: on
MetaspaceReclaimPolicy: balanced
 - commit_granule_bytes: 65536.
 - commit_granule_words: 8192.
 - virtual_space_node_default_size: 8388608.
 - enlarge_chunks_in_place: 1.
 - new_chunks_are_fully_committed: 0.
 - uncommit_free_chunks: 1.
 - use_allocation_guard: 0.
 - handle_deallocations: 1.


Internal statistics:

num_allocs_failed_limit: 9.
num_arena_births: 1766.
num_arena_deaths: 0.
num_vsnodes_births: 4.
num_vsnodes_deaths: 0.
num_space_committed: 2394.
num_space_uncommitted: 0.
num_chunks_returned_to_freelist: 9.
num_chunks_taken_from_freelist: 7944.
num_chunk_merges: 9.
num_chunk_splits: 5640.
num_chunks_enlarged: 4093.
num_inconsistent_stats: 0.

CodeHeap 'non-profiled nmethods': size=259264Kb used=12548Kb max_used=12548Kb free=246715Kb
 bounds [0x00000204ca750000, 0x00000204cb3a0000, 0x00000204da480000]
CodeHeap 'profiled nmethods': size=259264Kb used=34443Kb max_used=34443Kb free=224820Kb
 bounds [0x00000204ba480000, 0x00000204bc630000, 0x00000204ca1b0000]
CodeHeap 'non-nmethods': size=5760Kb used=2591Kb max_used=2694Kb free=3168Kb
 bounds [0x00000204ca1b0000, 0x00000204ca470000, 0x00000204ca750000]
 total_blobs=18083 nmethods=16925 adapters=1067
 compilation: enabled
              stopped_count=0, restarted_count=0
 full_count=0

Compilation events (20 events):
Event: 119.896 Thread 0x00000204f04737d0 20098       3       org.gradle.api.internal.file.DefaultSourceDirectorySet::srcDir (13 bytes)
Event: 119.896 Thread 0x00000204f04737d0 nmethod 20098 0x00000204bc610d90 code [0x00000204bc610f40, 0x00000204bc611128]
Event: 119.904 Thread 0x00000204f04737d0 20100       3       org.gradle.configuration.internal.DefaultListenerBuildOperationDecorator$BuildOperationEmittingAction::<init> (10 bytes)
Event: 119.905 Thread 0x00000204f04737d0 nmethod 20100 0x00000204bc611210 code [0x00000204bc6113c0, 0x00000204bc611718]
Event: 119.905 Thread 0x000002053762f270 20099       4       org.gradle.api.internal.project.DefaultProject::getProjectPath (10 bytes)
Event: 119.906 Thread 0x000002053762f270 nmethod 20099 0x00000204cb38fd10 code [0x00000204cb38fe80, 0x00000204cb38ff38]
Event: 119.906 Thread 0x000002053762f270 20089       4       java.lang.CharacterDataLatin1::getType (11 bytes)
Event: 119.907 Thread 0x000002053762f270 nmethod 20089 0x00000204cb390010 code [0x00000204cb390180, 0x00000204cb390238]
Event: 119.907 Thread 0x000002053762f270 20078       4       java.lang.Class::getMethods (26 bytes)
Event: 119.910 Thread 0x00000204f04737d0 20101       3       java.util.Formatter::parse (216 bytes)
Event: 119.913 Thread 0x00000204f04737d0 nmethod 20101 0x00000204bc611810 code [0x00000204bc611d00, 0x00000204bc614a28]
Event: 119.924 Thread 0x000002053762f270 nmethod 20078 0x00000204cb390310 code [0x00000204cb3904c0, 0x00000204cb390ca8]
Event: 119.924 Thread 0x000002053762f270 20072       4       com.google.common.collect.AbstractIndexedListIterator::next (31 bytes)
Event: 119.926 Thread 0x000002053762f270 nmethod 20072 0x00000204cb390f90 code [0x00000204cb391120, 0x00000204cb391258]
Event: 119.944 Thread 0x00000204f04737d0 20102       3       org.codehaus.groovy.runtime.callsite.AbstractCallSite::noCoerce (54 bytes)
Event: 119.944 Thread 0x00000204f04737d0 nmethod 20102 0x00000204bc615c10 code [0x00000204bc615e00, 0x00000204bc616338]
Event: 119.957 Thread 0x00000204f04737d0 20103       3       groovy.lang.MetaMethod::equal (44 bytes)
Event: 119.957 Thread 0x00000204f04737d0 nmethod 20103 0x00000204bc616510 code [0x00000204bc6166e0, 0x00000204bc616af8]
Event: 119.981 Thread 0x00000204f04737d0 20104       3       java.security.PrivilegedActionException::<init> (7 bytes)
Event: 119.981 Thread 0x00000204f04737d0 nmethod 20104 0x00000204bc616c90 code [0x00000204bc616e40, 0x00000204bc616fe8]

GC Heap History (20 events):
Event: 100.845 GC heap before
{Heap before GC invocations=58 (full 0):
 garbage-first heap   total 425984K, used 328768K [0x0000000600000000, 0x0000000800000000)
  region size 4096K, 37 young (151552K), 5 survivors (20480K)
 Metaspace       used 139890K, committed 140992K, reserved 1179648K
  class space    used 18117K, committed 18624K, reserved 1048576K
}
Event: 100.866 GC heap after
{Heap after GC invocations=59 (full 0):
 garbage-first heap   total 425984K, used 201412K [0x0000000600000000, 0x0000000800000000)
  region size 4096K, 4 young (16384K), 4 survivors (16384K)
 Metaspace       used 139890K, committed 140992K, reserved 1179648K
  class space    used 18117K, committed 18624K, reserved 1048576K
}
Event: 104.238 GC heap before
{Heap before GC invocations=59 (full 0):
 garbage-first heap   total 425984K, used 336580K [0x0000000600000000, 0x0000000800000000)
  region size 4096K, 37 young (151552K), 4 survivors (16384K)
 Metaspace       used 146949K, committed 148096K, reserved 1179648K
  class space    used 19239K, committed 19776K, reserved 1048576K
}
Event: 104.264 GC heap after
{Heap after GC invocations=60 (full 0):
 garbage-first heap   total 425984K, used 209435K [0x0000000600000000, 0x0000000800000000)
  region size 4096K, 3 young (12288K), 3 survivors (12288K)
 Metaspace       used 146949K, committed 148096K, reserved 1179648K
  class space    used 19239K, committed 19776K, reserved 1048576K
}
Event: 106.892 GC heap before
{Heap before GC invocations=60 (full 0):
 garbage-first heap   total 425984K, used 340507K [0x0000000600000000, 0x0000000800000000)
  region size 4096K, 35 young (143360K), 3 survivors (12288K)
 Metaspace       used 148206K, committed 149376K, reserved 1179648K
  class space    used 19411K, committed 19968K, reserved 1048576K
}
Event: 106.916 GC heap after
{Heap after GC invocations=61 (full 0):
 garbage-first heap   total 425984K, used 216693K [0x0000000600000000, 0x0000000800000000)
  region size 4096K, 4 young (16384K), 4 survivors (16384K)
 Metaspace       used 148206K, committed 149376K, reserved 1179648K
  class space    used 19411K, committed 19968K, reserved 1048576K
}
Event: 109.055 GC heap before
{Heap before GC invocations=61 (full 0):
 garbage-first heap   total 425984K, used 343669K [0x0000000600000000, 0x0000000800000000)
  region size 4096K, 35 young (143360K), 4 survivors (16384K)
 Metaspace       used 149690K, committed 150976K, reserved 1245184K
  class space    used 19654K, committed 20288K, reserved 1048576K
}
Event: 109.081 GC heap after
{Heap after GC invocations=62 (full 0):
 garbage-first heap   total 425984K, used 228594K [0x0000000600000000, 0x0000000800000000)
  region size 4096K, 5 young (20480K), 5 survivors (20480K)
 Metaspace       used 149690K, committed 150976K, reserved 1245184K
  class space    used 19654K, committed 20288K, reserved 1048576K
}
Event: 110.790 GC heap before
{Heap before GC invocations=62 (full 0):
 garbage-first heap   total 425984K, used 343282K [0x0000000600000000, 0x0000000800000000)
  region size 4096K, 34 young (139264K), 5 survivors (20480K)
 Metaspace       used 149903K, committed 151168K, reserved 1245184K
  class space    used 19672K, committed 20288K, reserved 1048576K
}
Event: 110.813 GC heap after
{Heap after GC invocations=63 (full 0):
 garbage-first heap   total 425984K, used 232118K [0x0000000600000000, 0x0000000800000000)
  region size 4096K, 2 young (8192K), 2 survivors (8192K)
 Metaspace       used 149903K, committed 151168K, reserved 1245184K
  class space    used 19672K, committed 20288K, reserved 1048576K
}
Event: 112.659 GC heap before
{Heap before GC invocations=63 (full 0):
 garbage-first heap   total 425984K, used 346806K [0x0000000600000000, 0x0000000800000000)
  region size 4096K, 30 young (122880K), 2 survivors (8192K)
 Metaspace       used 150368K, committed 151680K, reserved 1245184K
  class space    used 19721K, committed 20352K, reserved 1048576K
}
Event: 112.678 GC heap after
{Heap after GC invocations=64 (full 0):
 garbage-first heap   total 425984K, used 249490K [0x0000000600000000, 0x0000000800000000)
  region size 4096K, 4 young (16384K), 4 survivors (16384K)
 Metaspace       used 150368K, committed 151680K, reserved 1245184K
  class space    used 19721K, committed 20352K, reserved 1048576K
}
Event: 113.782 GC heap before
{Heap before GC invocations=64 (full 0):
 garbage-first heap   total 425984K, used 351890K [0x0000000600000000, 0x0000000800000000)
  region size 4096K, 29 young (118784K), 4 survivors (16384K)
 Metaspace       used 150477K, committed 151808K, reserved 1245184K
  class space    used 19736K, committed 20352K, reserved 1048576K
}
Event: 113.806 GC heap after
{Heap after GC invocations=65 (full 0):
 garbage-first heap   total 425984K, used 252782K [0x0000000600000000, 0x0000000800000000)
  region size 4096K, 2 young (8192K), 2 survivors (8192K)
 Metaspace       used 150477K, committed 151808K, reserved 1245184K
  class space    used 19736K, committed 20352K, reserved 1048576K
}
Event: 114.721 GC heap before
{Heap before GC invocations=65 (full 0):
 garbage-first heap   total 425984K, used 351086K [0x0000000600000000, 0x0000000800000000)
  region size 4096K, 26 young (106496K), 2 survivors (8192K)
 Metaspace       used 150560K, committed 151936K, reserved 1245184K
  class space    used 19742K, committed 20416K, reserved 1048576K
}
Event: 114.735 GC heap after
{Heap after GC invocations=66 (full 0):
 garbage-first heap   total 512000K, used 255643K [0x0000000600000000, 0x0000000800000000)
  region size 4096K, 3 young (12288K), 3 survivors (12288K)
 Metaspace       used 150560K, committed 151936K, reserved 1245184K
  class space    used 19742K, committed 20416K, reserved 1048576K
}
Event: 117.061 GC heap before
{Heap before GC invocations=66 (full 0):
 garbage-first heap   total 512000K, used 411291K [0x0000000600000000, 0x0000000800000000)
  region size 4096K, 41 young (167936K), 3 survivors (12288K)
 Metaspace       used 151215K, committed 152640K, reserved 1245184K
  class space    used 19820K, committed 20480K, reserved 1048576K
}
Event: 117.086 GC heap after
{Heap after GC invocations=67 (full 0):
 garbage-first heap   total 512000K, used 268002K [0x0000000600000000, 0x0000000800000000)
  region size 4096K, 6 young (24576K), 6 survivors (24576K)
 Metaspace       used 151215K, committed 152640K, reserved 1245184K
  class space    used 19820K, committed 20480K, reserved 1048576K
}
Event: 119.086 GC heap before
{Heap before GC invocations=67 (full 0):
 garbage-first heap   total 512000K, used 411362K [0x0000000600000000, 0x0000000800000000)
  region size 4096K, 41 young (167936K), 6 survivors (24576K)
 Metaspace       used 151748K, committed 153216K, reserved 1245184K
  class space    used 19891K, committed 20608K, reserved 1048576K
}
Event: 119.113 GC heap after
{Heap after GC invocations=68 (full 0):
 garbage-first heap   total 512000K, used 282052K [0x0000000600000000, 0x0000000800000000)
  region size 4096K, 3 young (12288K), 3 survivors (12288K)
 Metaspace       used 151748K, committed 153216K, reserved 1245184K
  class space    used 19891K, committed 20608K, reserved 1048576K
}

Deoptimization events (20 events):
Event: 116.526 Thread 0x00000205375b2cc0 DEOPT PACKING pc=0x00000204cb312868 sp=0x0000006500cf8760
Event: 116.526 Thread 0x00000205375b2cc0 DEOPT UNPACKING pc=0x00000204ca2023a3 sp=0x0000006500cf86f8 mode 2
Event: 118.060 Thread 0x00000205375b2cc0 DEOPT PACKING pc=0x00000204bafa28ed sp=0x0000006500cf8430
Event: 118.060 Thread 0x00000205375b2cc0 DEOPT UNPACKING pc=0x00000204ca202b43 sp=0x0000006500cf78b8 mode 0
Event: 118.554 Thread 0x00000205375b2cc0 Uncommon trap: trap_request=0xffffffd6 fr.pc=0x00000204cb34cc98 relative=0x00000000000003d8
Event: 118.554 Thread 0x00000205375b2cc0 Uncommon trap: reason=array_check action=maybe_recompile pc=0x00000204cb34cc98 method=java.util.AbstractCollection.toArray([Ljava/lang/Object;)[Ljava/lang/Object; @ 116 c2
Event: 118.554 Thread 0x00000205375b2cc0 DEOPT PACKING pc=0x00000204cb34cc98 sp=0x0000006500cf9260
Event: 118.554 Thread 0x00000205375b2cc0 DEOPT UNPACKING pc=0x00000204ca2023a3 sp=0x0000006500cf9210 mode 2
Event: 118.558 Thread 0x00000205375b2cc0 Uncommon trap: trap_request=0xffffffd6 fr.pc=0x00000204cb34cc98 relative=0x00000000000003d8
Event: 118.558 Thread 0x00000205375b2cc0 Uncommon trap: reason=array_check action=maybe_recompile pc=0x00000204cb34cc98 method=java.util.AbstractCollection.toArray([Ljava/lang/Object;)[Ljava/lang/Object; @ 116 c2
Event: 118.558 Thread 0x00000205375b2cc0 DEOPT PACKING pc=0x00000204cb34cc98 sp=0x0000006500cf9260
Event: 118.558 Thread 0x00000205375b2cc0 DEOPT UNPACKING pc=0x00000204ca2023a3 sp=0x0000006500cf9210 mode 2
Event: 118.559 Thread 0x00000205375b2cc0 Uncommon trap: trap_request=0xffffffd6 fr.pc=0x00000204cb34cc98 relative=0x00000000000003d8
Event: 118.559 Thread 0x00000205375b2cc0 Uncommon trap: reason=array_check action=maybe_recompile pc=0x00000204cb34cc98 method=java.util.AbstractCollection.toArray([Ljava/lang/Object;)[Ljava/lang/Object; @ 116 c2
Event: 118.560 Thread 0x00000205375b2cc0 DEOPT PACKING pc=0x00000204cb34cc98 sp=0x0000006500cf9260
Event: 118.560 Thread 0x00000205375b2cc0 DEOPT UNPACKING pc=0x00000204ca2023a3 sp=0x0000006500cf9210 mode 2
Event: 118.608 Thread 0x00000205375b2cc0 Uncommon trap: trap_request=0xffffffd6 fr.pc=0x00000204cb34cc98 relative=0x00000000000003d8
Event: 118.608 Thread 0x00000205375b2cc0 Uncommon trap: reason=array_check action=maybe_recompile pc=0x00000204cb34cc98 method=java.util.AbstractCollection.toArray([Ljava/lang/Object;)[Ljava/lang/Object; @ 116 c2
Event: 118.608 Thread 0x00000205375b2cc0 DEOPT PACKING pc=0x00000204cb34cc98 sp=0x0000006500cf86d0
Event: 118.608 Thread 0x00000205375b2cc0 DEOPT UNPACKING pc=0x00000204ca2023a3 sp=0x0000006500cf8670 mode 2

Classes unloaded (0 events):
No events

Classes redefined (0 events):
No events

Internal exceptions (20 events):
Event: 115.581 Thread 0x00000205375b2cc0 Exception <a 'java/lang/ClassNotFoundException'{0x000000061b81ca80}: com/android/build/gradle/internal/dsl/BuildFeaturesImplBeanInfo> (0x000000061b81ca80) 
thrown [s\open\src\hotspot\share\classfile\systemDictionary.cpp, line 256]
Event: 115.582 Thread 0x00000205375b2cc0 Exception <a 'java/lang/ClassNotFoundException'{0x000000061b82b928}: com/android/build/gradle/internal/dsl/BuildFeaturesImplCustomizer> (0x000000061b82b928) 
thrown [s\open\src\hotspot\share\classfile\systemDictionary.cpp, line 256]
Event: 115.583 Thread 0x00000205375b2cc0 Exception <a 'java/lang/ClassNotFoundException'{0x000000061b846418}: com/android/build/gradle/internal/dsl/LibraryBuildFeaturesImplCustomizer> (0x000000061b846418) 
thrown [s\open\src\hotspot\share\classfile\systemDictionary.cpp, line 256]
Event: 115.587 Thread 0x00000205375b2cc0 Exception <a 'java/lang/ClassNotFoundException'{0x000000061b85e270}: com/android/build/gradle/internal/dsl/LibraryBuildFeaturesImpl_DecoratedCustomizer> (0x000000061b85e270) 
thrown [s\open\src\hotspot\share\classfile\systemDictionary.cpp, line 256]
Event: 115.872 Thread 0x00000205375b2cc0 Exception <a 'java/lang/ClassNotFoundException'{0x000000061b272d30}: build_czpmmhppkfihr5x70oddmar1aBeanInfo> (0x000000061b272d30) 
thrown [s\open\src\hotspot\share\classfile\systemDictionary.cpp, line 256]
Event: 115.873 Thread 0x00000205375b2cc0 Exception <a 'java/lang/ClassNotFoundException'{0x000000061b279f18}: build_czpmmhppkfihr5x70oddmar1aCustomizer> (0x000000061b279f18) 
thrown [s\open\src\hotspot\share\classfile\systemDictionary.cpp, line 256]
Event: 116.088 Thread 0x00000205375b3bf0 Implicit null exception at 0x00000204cb214b80 to 0x00000204cb215a24
Event: 116.088 Thread 0x00000205375b3bf0 Implicit null exception at 0x00000204cad086a0 to 0x00000204cad08f68
Event: 116.099 Thread 0x00000205375b2cc0 Exception <a 'java/lang/ClassNotFoundException'{0x000000061a11e358}: build_czpmmhppkfihr5x70oddmar1aBeanInfo> (0x000000061a11e358) 
thrown [s\open\src\hotspot\share\classfile\systemDictionary.cpp, line 256]
Event: 116.100 Thread 0x00000205375b2cc0 Exception <a 'java/lang/ClassNotFoundException'{0x000000061a1254a8}: build_czpmmhppkfihr5x70oddmar1aCustomizer> (0x000000061a1254a8) 
thrown [s\open\src\hotspot\share\classfile\systemDictionary.cpp, line 256]
Event: 116.432 Thread 0x00000205375b2cc0 Exception <a 'java/lang/ClassNotFoundException'{0x0000000619755468}: build_601zw06zhj9cbplvafrart7coBeanInfo> (0x0000000619755468) 
thrown [s\open\src\hotspot\share\classfile\systemDictionary.cpp, line 256]
Event: 116.433 Thread 0x00000205375b2cc0 Exception <a 'java/lang/ClassNotFoundException'{0x000000061975c650}: build_601zw06zhj9cbplvafrart7coCustomizer> (0x000000061975c650) 
thrown [s\open\src\hotspot\share\classfile\systemDictionary.cpp, line 256]
Event: 117.575 Thread 0x00000205375b2cc0 Exception <a 'java/lang/ClassNotFoundException'{0x000000061be5cc38}: build_601zw06zhj9cbplvafrart7coBeanInfo> (0x000000061be5cc38) 
thrown [s\open\src\hotspot\share\classfile\systemDictionary.cpp, line 256]
Event: 117.575 Thread 0x00000205375b2cc0 Exception <a 'java/lang/ClassNotFoundException'{0x000000061be63d88}: build_601zw06zhj9cbplvafrart7coCustomizer> (0x000000061be63d88) 
thrown [s\open\src\hotspot\share\classfile\systemDictionary.cpp, line 256]
Event: 117.743 Thread 0x00000205375b2cc0 Exception <a 'java/lang/NoSuchMethodError'{0x000000061b8fba58}: 'org.gradle.internal.buildoption.BuildOption$Value org.gradle.api.internal.StartParameterInternal.getIsolatedProjects()'> (0x000000061b8fba58) 
thrown [s\open\src\hotspot\share\interpreter\linkResolver.cpp, line 759]
Event: 118.607 Thread 0x00000205375b2cc0 Exception <a 'java/lang/ClassNotFoundException'{0x0000000619544470}: build_en3doozfxbubp52jhm64q15yoBeanInfo> (0x0000000619544470) 
thrown [s\open\src\hotspot\share\classfile\systemDictionary.cpp, line 256]
Event: 118.607 Thread 0x00000205375b2cc0 Exception <a 'java/lang/ClassNotFoundException'{0x000000061954b658}: build_en3doozfxbubp52jhm64q15yoCustomizer> (0x000000061954b658) 
thrown [s\open\src\hotspot\share\classfile\systemDictionary.cpp, line 256]
Event: 119.783 Thread 0x00000205375b2cc0 Exception <a 'java/lang/ClassNotFoundException'{0x000000061a6bfb30}: build_en3doozfxbubp52jhm64q15yoBeanInfo> (0x000000061a6bfb30) 
thrown [s\open\src\hotspot\share\classfile\systemDictionary.cpp, line 256]
Event: 119.784 Thread 0x00000205375b2cc0 Exception <a 'java/lang/ClassNotFoundException'{0x000000061a6c6c80}: build_en3doozfxbubp52jhm64q15yoCustomizer> (0x000000061a6c6c80) 
thrown [s\open\src\hotspot\share\classfile\systemDictionary.cpp, line 256]
Event: 119.848 Thread 0x00000205375b2cc0 Exception <a 'java/lang/NoSuchMethodError'{0x000000061a100830}: 'org.gradle.internal.buildoption.BuildOption$Value org.gradle.api.internal.StartParameterInternal.getIsolatedProjects()'> (0x000000061a100830) 
thrown [s\open\src\hotspot\share\interpreter\linkResolver.cpp, line 759]

VM Operations (20 events):
Event: 112.265 Executing VM operation: ICBufferFull
Event: 112.265 Executing VM operation: ICBufferFull done
Event: 112.659 Executing VM operation: G1CollectForAllocation
Event: 112.679 Executing VM operation: G1CollectForAllocation done
Event: 113.410 Executing VM operation: HandshakeAllThreads
Event: 113.411 Executing VM operation: HandshakeAllThreads done
Event: 113.782 Executing VM operation: G1CollectForAllocation
Event: 113.810 Executing VM operation: G1CollectForAllocation done
Event: 114.721 Executing VM operation: G1CollectForAllocation
Event: 114.736 Executing VM operation: G1CollectForAllocation done
Event: 115.749 Executing VM operation: Cleanup
Event: 115.751 Executing VM operation: Cleanup done
Event: 116.753 Executing VM operation: Cleanup
Event: 116.754 Executing VM operation: Cleanup done
Event: 117.061 Executing VM operation: G1CollectForAllocation
Event: 117.086 Executing VM operation: G1CollectForAllocation done
Event: 118.100 Executing VM operation: Cleanup
Event: 118.116 Executing VM operation: Cleanup done
Event: 119.086 Executing VM operation: G1CollectForAllocation
Event: 119.113 Executing VM operation: G1CollectForAllocation done

Events (20 events):
Event: 113.447 Thread 0x00000204f047ccf0 flushing nmethod 0x00000204bc2d1a90
Event: 113.447 Thread 0x00000204f047ccf0 flushing nmethod 0x00000204bc2e7410
Event: 113.447 Thread 0x00000204f047ccf0 flushing nmethod 0x00000204bc301910
Event: 113.447 Thread 0x00000204f047ccf0 flushing nmethod 0x00000204bc304090
Event: 113.447 Thread 0x00000204f047ccf0 flushing nmethod 0x00000204bc307110
Event: 113.447 Thread 0x00000204f047ccf0 flushing nmethod 0x00000204bc36ed90
Event: 113.447 Thread 0x00000204f047ccf0 flushing nmethod 0x00000204bc374410
Event: 113.447 Thread 0x00000204f047ccf0 flushing nmethod 0x00000204bc374990
Event: 113.448 Thread 0x00000204f047ccf0 flushing nmethod 0x00000204bc3d5690
Event: 113.448 Thread 0x00000204f047ccf0 flushing nmethod 0x00000204bc3d7510
Event: 113.448 Thread 0x00000204f047ccf0 flushing nmethod 0x00000204bc3d8910
Event: 113.448 Thread 0x00000204f047ccf0 flushing nmethod 0x00000204bc3db790
Event: 113.448 Thread 0x00000204f047ccf0 flushing nmethod 0x00000204bc3dc990
Event: 113.448 Thread 0x00000204f047ccf0 flushing nmethod 0x00000204bc3dd290
Event: 114.533 Thread 0x0000020537631250 Thread exited: 0x0000020537631250
Event: 114.974 Thread 0x0000020537631250 Thread added: 0x0000020537631250
Event: 115.167 Thread 0x0000020537631250 Thread exited: 0x0000020537631250
Event: 115.306 Thread 0x000002053762f270 Thread added: 0x000002053762f270
Event: 118.492 Thread 0x000002053762f270 Thread exited: 0x000002053762f270
Event: 119.905 Thread 0x000002053762f270 Thread added: 0x000002053762f270


Dynamic libraries:
0x00007ff653b00000 - 0x00007ff653b10000 	C:\Program Files\Java\jdk-17\bin\java.exe
0x00007ff963760000 - 0x00007ff9639c5000 	C:\WINDOWS\SYSTEM32\ntdll.dll
0x00007ff962380000 - 0x00007ff962449000 	C:\WINDOWS\System32\KERNEL32.DLL
0x00007ff960970000 - 0x00007ff960d58000 	C:\WINDOWS\System32\KERNELBASE.dll
0x00007ff960e10000 - 0x00007ff960f5b000 	C:\WINDOWS\System32\ucrtbase.dll
0x00007ff93a1c0000 - 0x00007ff93a1d9000 	C:\Program Files\Java\jdk-17\bin\jli.dll
0x00007ff9622c0000 - 0x00007ff962373000 	C:\WINDOWS\System32\ADVAPI32.dll
0x00007ff962450000 - 0x00007ff9624f9000 	C:\WINDOWS\System32\msvcrt.dll
0x00007ff961500000 - 0x00007ff9615a6000 	C:\WINDOWS\System32\sechost.dll
0x00007ff961da0000 - 0x00007ff961eb5000 	C:\WINDOWS\System32\RPCRT4.dll
0x00007ff963510000 - 0x00007ff9636da000 	C:\WINDOWS\System32\USER32.dll
0x00007ff961390000 - 0x00007ff9613b7000 	C:\WINDOWS\System32\win32u.dll
0x00007ff962020000 - 0x00007ff96204b000 	C:\WINDOWS\System32\GDI32.dll
0x00007ff9613c0000 - 0x00007ff9614f7000 	C:\WINDOWS\System32\gdi32full.dll
0x00007ff960d60000 - 0x00007ff960e03000 	C:\WINDOWS\System32\msvcp_win.dll
0x00007ff947dc0000 - 0x00007ff947ddb000 	C:\Program Files\Java\jdk-17\bin\VCRUNTIME140.dll
0x00007ff94a2d0000 - 0x00007ff94a56a000 	C:\WINDOWS\WinSxS\amd64_microsoft.windows.common-controls_6595b64144ccf1df_6.0.26100.4202_none_3e0698d4e335f517\COMCTL32.dll
0x00007ff94ec20000 - 0x00007ff94ec2b000 	C:\WINDOWS\SYSTEM32\VERSION.dll
0x00007ff961fe0000 - 0x00007ff962010000 	C:\WINDOWS\System32\IMM32.DLL
0x00007ff95a1f0000 - 0x00007ff95a1fc000 	C:\Program Files\Java\jdk-17\bin\vcruntime140_1.dll
0x00007ff8e5240000 - 0x00007ff8e52ce000 	C:\Program Files\Java\jdk-17\bin\msvcp140.dll
0x00007ff84e6e0000 - 0x00007ff84f2c0000 	C:\Program Files\Java\jdk-17\bin\server\jvm.dll
0x00007ff963710000 - 0x00007ff963718000 	C:\WINDOWS\System32\PSAPI.DLL
0x00007ff948ab0000 - 0x00007ff948aba000 	C:\WINDOWS\SYSTEM32\WSOCK32.dll
0x00007ff962f30000 - 0x00007ff962fa4000 	C:\WINDOWS\System32\WS2_32.dll
0x00007ff9476c0000 - 0x00007ff9476f5000 	C:\WINDOWS\SYSTEM32\WINMM.dll
0x00007ff95f540000 - 0x00007ff95f55b000 	C:\WINDOWS\SYSTEM32\kernel.appcore.dll
0x00007ff94c1e0000 - 0x00007ff94c1ea000 	C:\Program Files\Java\jdk-17\bin\jimage.dll
0x00007ff95ad10000 - 0x00007ff95af51000 	C:\WINDOWS\SYSTEM32\DBGHELP.DLL
0x00007ff963100000 - 0x00007ff963485000 	C:\WINDOWS\System32\combase.dll
0x00007ff963010000 - 0x00007ff9630f1000 	C:\WINDOWS\System32\OLEAUT32.dll
0x00007ff915370000 - 0x00007ff9153a9000 	C:\WINDOWS\SYSTEM32\dbgcore.DLL
0x00007ff961260000 - 0x00007ff9612f9000 	C:\WINDOWS\System32\bcryptPrimitives.dll
0x00007ff947c00000 - 0x00007ff947c0e000 	C:\Program Files\Java\jdk-17\bin\instrument.dll
0x00007ff937230000 - 0x00007ff937255000 	C:\Program Files\Java\jdk-17\bin\java.dll
0x00007ff8e4b50000 - 0x00007ff8e4c27000 	C:\Program Files\Java\jdk-17\bin\jsvml.dll
0x00007ff962500000 - 0x00007ff962c42000 	C:\WINDOWS\System32\SHELL32.dll
0x00007ff960f60000 - 0x00007ff9610d4000 	C:\WINDOWS\System32\wintypes.dll
0x00007ff95e210000 - 0x00007ff95ea68000 	C:\WINDOWS\SYSTEM32\windows.storage.dll
0x00007ff962c50000 - 0x00007ff962d41000 	C:\WINDOWS\System32\SHCORE.dll
0x00007ff962250000 - 0x00007ff9622ba000 	C:\WINDOWS\System32\shlwapi.dll
0x00007ff9607c0000 - 0x00007ff9607ef000 	C:\WINDOWS\SYSTEM32\profapi.dll
0x00007ff9381f0000 - 0x00007ff938208000 	C:\Program Files\Java\jdk-17\bin\zip.dll
0x00007ff9371f0000 - 0x00007ff937209000 	C:\Program Files\Java\jdk-17\bin\net.dll
0x00007ff95f560000 - 0x00007ff95f67e000 	C:\WINDOWS\SYSTEM32\WINHTTP.dll
0x00007ff95fbe0000 - 0x00007ff95fc4a000 	C:\WINDOWS\system32\mswsock.dll
0x00007ff9371d0000 - 0x00007ff9371e6000 	C:\Program Files\Java\jdk-17\bin\nio.dll
0x00007ff947b20000 - 0x00007ff947b30000 	C:\Program Files\Java\jdk-17\bin\verify.dll
0x00007ff937270000 - 0x00007ff937297000 	C:\Users\PehanRathnayaka\.gradle\native\c067742578af261105cb4f569cf0c3c89f3d7b1fecec35dd04571415982c5e48\windows-amd64\native-platform.dll
0x00007ff8e2aa0000 - 0x00007ff8e2be4000 	C:\Users\PehanRathnayaka\.gradle\native\100fb08df4bc3b14c8652ba06237920a3bd2aa13389f12d3474272988ae205f9\windows-amd64\native-platform-file-events.dll
0x00007ff947af0000 - 0x00007ff947afa000 	C:\Program Files\Java\jdk-17\bin\management.dll
0x00007ff939b20000 - 0x00007ff939b2b000 	C:\Program Files\Java\jdk-17\bin\management_ext.dll
0x00007ff95fe90000 - 0x00007ff95feab000 	C:\WINDOWS\SYSTEM32\CRYPTSP.dll
0x00007ff95f4a0000 - 0x00007ff95f4da000 	C:\WINDOWS\system32\rsaenh.dll
0x00007ff95fc80000 - 0x00007ff95fcab000 	C:\WINDOWS\SYSTEM32\USERENV.dll
0x00007ff960790000 - 0x00007ff9607b6000 	C:\WINDOWS\SYSTEM32\bcrypt.dll
0x00007ff95feb0000 - 0x00007ff95febc000 	C:\WINDOWS\SYSTEM32\CRYPTBASE.dll
0x00007ff95ed20000 - 0x00007ff95ed53000 	C:\WINDOWS\SYSTEM32\IPHLPAPI.DLL
0x00007ff961fd0000 - 0x00007ff961fda000 	C:\WINDOWS\System32\NSI.dll
0x00007ff94ec30000 - 0x00007ff94ec4f000 	C:\WINDOWS\SYSTEM32\dhcpcsvc6.DLL
0x00007ff94f370000 - 0x00007ff94f395000 	C:\WINDOWS\SYSTEM32\dhcpcsvc.DLL
0x00007ff95ed60000 - 0x00007ff95ee87000 	C:\WINDOWS\SYSTEM32\DNSAPI.dll
0x00007ff937220000 - 0x00007ff93722e000 	C:\Program Files\Java\jdk-17\bin\sunmscapi.dll
0x00007ff9610e0000 - 0x00007ff961257000 	C:\WINDOWS\System32\CRYPT32.dll
0x00007ff9600b0000 - 0x00007ff9600e0000 	C:\WINDOWS\SYSTEM32\ncrypt.dll
0x00007ff960060000 - 0x00007ff96009f000 	C:\WINDOWS\SYSTEM32\NTASN1.dll
0x00007ff94ac60000 - 0x00007ff94ac68000 	C:\WINDOWS\system32\wshunix.dll

dbghelp: loaded successfully - version: 4.0.5 - missing functions: none
symbol engine: initialized successfully - sym options: 0x614 - pdb path: .;C:\Program Files\Java\jdk-17\bin;C:\WINDOWS\SYSTEM32;C:\WINDOWS\WinSxS\amd64_microsoft.windows.common-controls_6595b64144ccf1df_6.0.26100.4202_none_3e0698d4e335f517;C:\Program Files\Java\jdk-17\bin\server;C:\Users\PehanRathnayaka\.gradle\native\c067742578af261105cb4f569cf0c3c89f3d7b1fecec35dd04571415982c5e48\windows-amd64;C:\Users\PehanRathnayaka\.gradle\native\100fb08df4bc3b14c8652ba06237920a3bd2aa13389f12d3474272988ae205f9\windows-amd64

VM Arguments:
jvm_args: -XX:MaxMetaspaceSize=4G -XX:ReservedCodeCacheSize=512m -XX:+HeapDumpOnOutOfMemoryError --add-opens=java.base/java.util=ALL-UNNAMED --add-opens=java.base/java.lang=ALL-UNNAMED --add-opens=java.base/java.lang.invoke=ALL-UNNAMED --add-opens=java.prefs/java.util.prefs=ALL-UNNAMED --add-exports=jdk.compiler/com.sun.tools.javac.api=ALL-UNNAMED --add-exports=jdk.compiler/com.sun.tools.javac.util=ALL-UNNAMED --add-opens=java.base/java.nio.charset=ALL-UNNAMED --add-opens=java.base/java.net=ALL-UNNAMED --add-opens=java.base/java.util.concurrent.atomic=ALL-UNNAMED -Xmx8G -Dfile.encoding=utf8 -Duser.country=US -Duser.language=en -Duser.variant -javaagent:C:\Users\PehanRathnayaka\.gradle\wrapper\dists\gradle-8.10.2-all\7iv73wktx1xtkvlq19urqw1wm\gradle-8.10.2\lib\agents\gradle-instrumentation-agent-8.10.2.jar 
java_command: org.gradle.launcher.daemon.bootstrap.GradleDaemon 8.10.2
java_class_path (initial): C:\Users\PehanRathnayaka\.gradle\wrapper\dists\gradle-8.10.2-all\7iv73wktx1xtkvlq19urqw1wm\gradle-8.10.2\lib\gradle-daemon-main-8.10.2.jar
Launcher Type: SUN_STANDARD

[Global flags]
     intx CICompilerCount                          = 3                                         {product} {ergonomic}
     uint ConcGCThreads                            = 1                                         {product} {ergonomic}
     uint G1ConcRefinementThreads                  = 4                                         {product} {ergonomic}
   size_t G1HeapRegionSize                         = 4194304                                   {product} {ergonomic}
    uintx GCDrainStackTargetSize                   = 64                                        {product} {ergonomic}
     bool HeapDumpOnOutOfMemoryError               = true                                   {manageable} {command line}
   size_t InitialHeapSize                          = 268435456                                 {product} {ergonomic}
   size_t MarkStackSize                            = 4194304                                   {product} {ergonomic}
   size_t MaxHeapSize                              = 8589934592                                {product} {command line}
   size_t MaxMetaspaceSize                         = 4294967296                                {product} {command line}
   size_t MaxNewSize                               = 5150605312                                {product} {ergonomic}
   size_t MinHeapDeltaBytes                        = 4194304                                   {product} {ergonomic}
   size_t MinHeapSize                              = 8388608                                   {product} {ergonomic}
    uintx NonNMethodCodeHeapSize                   = 5832780                                {pd product} {ergonomic}
    uintx NonProfiledCodeHeapSize                  = 265519066                              {pd product} {ergonomic}
    uintx ProfiledCodeHeapSize                     = 265519066                              {pd product} {ergonomic}
    uintx ReservedCodeCacheSize                    = 536870912                              {pd product} {command line}
     bool SegmentedCodeCache                       = true                                      {product} {ergonomic}
   size_t SoftMaxHeapSize                          = 8589934592                             {manageable} {ergonomic}
   double SweeperThreshold                         = 0.234375                                  {product} {ergonomic}
     bool UseCompressedClassPointers               = true                           {product lp64_product} {ergonomic}
     bool UseCompressedOops                        = true                           {product lp64_product} {ergonomic}
     bool UseG1GC                                  = true                                      {product} {ergonomic}
     bool UseLargePagesIndividualAllocation        = false                                  {pd product} {ergonomic}

Logging:
Log output configuration:
 #0: stdout all=warning uptime,level,tags
 #1: stderr all=off uptime,level,tags

Environment Variables:
JAVA_HOME=C:\Program Files\Java\jdk-17
PATH=C:\Python313\Scripts\;C:\Python313\;C:\WINDOWS\system32;C:\WINDOWS;C:\WINDOWS\System32\Wbem;C:\WINDOWS\System32\WindowsPowerShell\v1.0\;C:\WINDOWS\System32\OpenSSH\;C:\Program Files\Git\cmd;C:\Program Files\dotnet\;C:\Program Files (x86)\Windows Kits\10\Windows Performance Toolkit\;C:\Program Files\Java\jdk-17\bin;C:\Program Files\Microsoft SQL Server\150\Tools\Binn\;C:\Program Files\Microsoft SQL Server\Client SDK\ODBC\170\Tools\Binn\;C:\Program Files\nodejs\;C:\ProgramData\chocolatey\bin;C:\Program Files (x86)\Microsoft SQL Server\160\Tools\Binn\;C:\Program Files\Microsoft SQL Server\160\Tools\Binn\;C:\Program Files\Microsoft SQL Server\160\DTS\Binn\;C:\Program Files (x86)\Microsoft SQL Server\160\DTS\Binn\;C:\Users\PehanRathnayaka\.cargo\bin;C:\WINDOWS\system32;C:\WINDOWS;C:\WINDOWS\System32\Wbem;C:\WINDOWS\System32\WindowsPowerShell\v1.0\;C:\WINDOWS\System32\OpenSSH\;C:\Program Files\Git\cmd;C:\Program Files\dotnet\;C:\Program Files (x86)\Microsoft SQL Server\160\DTS\Binn\;C:\Program Files (x86)\Windows Kits\10\Windows Performance Toolkit\;C:\Users\PehanRathnayaka\AppData\Local\Microsoft\WindowsApps;C:\Users\PehanRathnayaka\AppData\Local\Programs\Microsoft VS Code\bin;C:\Program Files\Git\bin;C:\gradle-8.4-bin\gradle-8.4\bin;C:\Users\PehanRathnayaka\.dotnet\tools;C:\Program Files\dotnet;C:\flutter_windows_3.10.5-stable\flutter\bin;C:\Program Files\Java\jdk-17\bin;D:\Dep\platform-tools-latest-windows\platform-tools;C:\Users\PehanRathnayaka\.dotnet\tools;C:\Users\PehanRathnayaka\AppData\Roaming\npm;C:\Program Files\nodejs\;
USERNAME=PehanRathnayaka
OS=Windows_NT
PROCESSOR_IDENTIFIER=Intel64 Family 6 Model 78 Stepping 3, GenuineIntel



---------------  S Y S T E M  ---------------

OS:
 Windows 11 , 64 bit Build 26100 (10.0.26100.4202)
OS uptime: 2 days 2:35 hours

CPU: total 4 (initial active 4) (2 cores per cpu, 2 threads per core) family 6 model 78 stepping 3 microcode 0xd6, cx8, cmov, fxsr, ht, mmx, 3dnowpref, sse, sse2, sse3, ssse3, sse4.1, sse4.2, popcnt, lzcnt, tsc, tscinvbit, avx, avx2, aes, erms, clmul, bmi1, bmi2, rtm, adx, fma, vzeroupper, clflush, clflushopt

Memory: 4k page, system-wide physical 16264M (629M free)
TotalPageFile size 28503M (AvailPageFile size 0M)
current process WorkingSet (physical memory assigned to process): 893M, peak: 894M
current process commit charge ("private bytes"): 939M, peak: 940M

vm_info: Java HotSpot(TM) 64-Bit Server VM (17.0.12+8-LTS-286) for windows-amd64 JRE (17.0.12+8-LTS-286), built on Jun  5 2024 06:46:59 by "mach5one" with MS VC++ 17.6 (VS2022)

END.
